<?xml version="1.0" encoding="UTF-8"?>
<coverage generated="1703281293643" clover="3.2.0">
  <project timestamp="1703281293643" name="All files">
    <metrics statements="159" coveredstatements="140" conditionals="136" coveredconditionals="108" methods="12" coveredmethods="9" elements="307" coveredelements="257" complexity="0" loc="159" ncloc="159" packages="2" files="4" classes="4"/>
    <package name="cli">
      <metrics statements="41" coveredstatements="26" conditionals="32" coveredconditionals="19" methods="7" coveredmethods="4"/>
      <file name="wrap.mjs" path="/Users/zane/playground/liquid-labs/wrap-text/src/cli/wrap.mjs">
        <metrics statements="41" coveredstatements="26" conditionals="32" coveredconditionals="19" methods="7" coveredmethods="4"/>
        <line num="1" count="1" type="stmt"/>
        <line num="3" count="1" type="stmt"/>
        <line num="4" count="1" type="stmt"/>
        <line num="6" count="106" type="cond" truecount="6" falsecount="0"/>
        <line num="8" count="1" type="stmt"/>
        <line num="31" count="21" type="cond" truecount="8" falsecount="7"/>
        <line num="37" count="3" type="stmt"/>
        <line num="39" count="3" type="stmt"/>
        <line num="40" count="3" type="stmt"/>
        <line num="41" count="3" type="stmt"/>
        <line num="42" count="3" type="stmt"/>
        <line num="43" count="3" type="cond" truecount="1" falsecount="0"/>
        <line num="45" count="4" type="stmt"/>
        <line num="46" count="1" type="stmt"/>
        <line num="47" count="1" type="stmt"/>
        <line num="49" count="1" type="stmt"/>
        <line num="50" count="1" type="stmt"/>
        <line num="55" count="2" type="cond" truecount="0" falsecount="1"/>
        <line num="57" count="4" type="stmt"/>
        <line num="59" count="1" type="stmt"/>
        <line num="60" count="1" type="stmt"/>
        <line num="61" count="1" type="stmt"/>
        <line num="62" count="2" type="cond" truecount="0" falsecount="1"/>
        <line num="65" count="0" type="stmt"/>
        <line num="66" count="1" type="stmt"/>
        <line num="70" count="0" type="stmt"/>
        <line num="71" count="0" type="stmt"/>
        <line num="77" count="0" type="stmt"/>
        <line num="78" count="0" type="stmt"/>
        <line num="80" count="0" type="stmt"/>
        <line num="82" count="0" type="stmt"/>
        <line num="83" count="0" type="stmt"/>
        <line num="86" count="0" type="stmt"/>
        <line num="87" count="0" type="stmt"/>
        <line num="90" count="0" type="stmt"/>
        <line num="92" count="0" type="stmt"/>
        <line num="93" count="0" type="stmt"/>
        <line num="94" count="0" type="stmt"/>
        <line num="97" count="0" type="stmt"/>
        <line num="98" count="3" type="stmt"/>
        <line num="101" count="1" type="stmt"/>
      </file>
    </package>
    <package name="lib">
      <metrics statements="118" coveredstatements="114" conditionals="104" coveredconditionals="89" methods="5" coveredmethods="5"/>
      <file name="get-base-width.mjs" path="/Users/zane/playground/liquid-labs/wrap-text/src/lib/get-base-width.mjs">
        <metrics statements="10" coveredstatements="10" conditionals="12" coveredconditionals="11" methods="1" coveredmethods="1"/>
        <line num="1" count="3" type="stmt"/>
        <line num="3" count="3" type="stmt"/>
        <line num="4" count="44" type="stmt"/>
        <line num="6" count="44" type="cond" truecount="2" falsecount="0"/>
        <line num="7" count="38" type="cond" truecount="2" falsecount="0"/>
        <line num="9" count="6" type="cond" truecount="2" falsecount="0"/>
        <line num="10" count="1" type="cond" truecount="1" falsecount="1"/>
        <line num="12" count="5" type="cond" truecount="4" falsecount="0"/>
        <line num="13" count="3" type="stmt"/>
        <line num="16" count="2" type="stmt"/>
      </file>
      <file name="get-effective-width.mjs" path="/Users/zane/playground/liquid-labs/wrap-text/src/lib/get-effective-width.mjs">
        <metrics statements="39" coveredstatements="39" conditionals="23" coveredconditionals="23" methods="1" coveredmethods="1"/>
        <line num="1" count="3" type="stmt"/>
        <line num="3" count="3" type="stmt"/>
        <line num="7" count="114" type="cond" truecount="4" falsecount="0"/>
        <line num="8" count="114" type="stmt"/>
        <line num="9" count="114" type="stmt"/>
        <line num="10" count="114" type="stmt"/>
        <line num="11" count="114" type="stmt"/>
        <line num="12" count="114" type="stmt"/>
        <line num="13" count="114" type="stmt"/>
        <line num="15" count="114" type="cond" truecount="2" falsecount="0"/>
        <line num="16" count="693" type="stmt"/>
        <line num="17" count="693" type="cond" truecount="1" falsecount="0"/>
        <line num="18" count="5" type="stmt"/>
        <line num="19" count="5" type="stmt"/>
        <line num="20" count="5" type="stmt"/>
        <line num="21" count="5" type="stmt"/>
        <line num="22" count="5" type="stmt"/>
        <line num="23" count="5" type="stmt"/>
        <line num="26" count="688" type="cond" truecount="4" falsecount="0"/>
        <line num="27" count="102" type="cond" truecount="2" falsecount="0"/>
        <line num="28" count="23" type="stmt"/>
        <line num="29" count="23" type="stmt"/>
        <line num="31" count="79" type="cond" truecount="1" falsecount="0"/>
        <line num="33" count="3" type="stmt"/>
        <line num="34" count="3" type="stmt"/>
        <line num="35" count="3" type="stmt"/>
        <line num="39" count="586" type="cond" truecount="4" falsecount="0"/>
        <line num="40" count="27" type="stmt"/>
        <line num="43" count="559" type="stmt"/>
        <line num="47" count="114" type="cond" truecount="1" falsecount="0"/>
        <line num="48" count="2" type="stmt"/>
        <line num="49" count="2" type="stmt"/>
        <line num="50" count="2" type="stmt"/>
        <line num="51" count="2" type="stmt"/>
        <line num="53" count="114" type="cond" truecount="3" falsecount="0"/>
        <line num="54" count="1" type="stmt"/>
        <line num="55" count="1" type="cond" truecount="1" falsecount="0"/>
        <line num="56" count="1" type="stmt"/>
        <line num="60" count="113" type="stmt"/>
      </file>
      <file name="wrap.mjs" path="/Users/zane/playground/liquid-labs/wrap-text/src/lib/wrap.mjs">
        <metrics statements="69" coveredstatements="65" conditionals="69" coveredconditionals="55" methods="3" coveredmethods="3"/>
        <line num="1" count="2" type="stmt"/>
        <line num="2" count="579" type="cond" truecount="3" falsecount="8"/>
        <line num="28" count="2" type="stmt"/>
        <line num="29" count="38" type="cond" truecount="2" falsecount="0"/>
        <line num="30" count="38" type="cond" truecount="2" falsecount="0"/>
        <line num="31" count="38" type="cond" truecount="2" falsecount="0"/>
        <line num="32" count="38" type="stmt"/>
        <line num="33" count="38" type="cond" truecount="2" falsecount="0"/>
        <line num="34" count="38" type="stmt"/>
        <line num="35" count="38" type="cond" truecount="3" falsecount="1"/>
        <line num="36" count="38" type="cond" truecount="5" falsecount="1"/>
        <line num="37" count="38" type="cond" truecount="0" falsecount="1"/>
        <line num="38" count="0" type="stmt"/>
        <line num="41" count="38" type="cond" truecount="0" falsecount="1"/>
        <line num="43" count="38" type="cond" truecount="1" falsecount="0"/>
        <line num="44" count="1" type="stmt"/>
        <line num="47" count="37" type="stmt"/>
        <line num="49" count="37" type="stmt"/>
        <line num="51" count="45" type="stmt"/>
        <line num="52" count="45" type="stmt"/>
        <line num="53" count="45" type="stmt"/>
        <line num="55" count="45" type="cond" truecount="1" falsecount="1"/>
        <line num="56" count="0" type="stmt"/>
        <line num="57" count="0" type="stmt"/>
        <line num="59" count="45" type="cond" truecount="1" falsecount="0"/>
        <line num="61" count="12" type="stmt"/>
        <line num="66" count="45" type="stmt"/>
        <line num="68" count="98" type="cond" truecount="4" falsecount="0"/>
        <line num="75" count="98" type="stmt"/>
        <line num="76" count="98" type="cond" truecount="2" falsecount="0"/>
        <line num="78" count="53" type="stmt"/>
        <line num="81" count="45" type="stmt"/>
        <line num="83" count="98" type="stmt"/>
        <line num="84" count="98" type="stmt"/>
        <line num="86" count="98" type="cond" truecount="2" falsecount="0"/>
        <line num="87" count="45" type="stmt"/>
        <line num="88" count="45" type="stmt"/>
        <line num="90" count="45" type="stmt"/>
        <line num="92" count="53" type="cond" truecount="2" falsecount="0"/>
        <line num="93" count="11" type="stmt"/>
        <line num="94" count="11" type="stmt"/>
        <line num="95" count="11" type="stmt"/>
        <line num="97" count="11" type="stmt"/>
        <line num="99" count="42" type="cond" truecount="1" falsecount="0"/>
        <line num="100" count="1" type="stmt"/>
        <line num="101" count="1" type="stmt"/>
        <line num="102" count="1" type="stmt"/>
        <line num="104" count="1" type="stmt"/>
        <line num="108" count="41" type="stmt"/>
        <line num="109" count="41" type="cond" truecount="4" falsecount="0"/>
        <line num="111" count="1" type="stmt"/>
        <line num="114" count="41" type="stmt"/>
        <line num="115" count="41" type="cond" truecount="1" falsecount="0"/>
        <line num="116" count="10" type="cond" truecount="4" falsecount="0"/>
        <line num="117" count="4" type="stmt"/>
        <line num="120" count="6" type="stmt"/>
        <line num="124" count="41" type="stmt"/>
        <line num="125" count="41" type="cond" truecount="3" falsecount="0"/>
        <line num="126" count="4" type="stmt"/>
        <line num="128" count="41" type="cond" truecount="0" falsecount="1"/>
        <line num="129" count="0" type="stmt"/>
        <line num="132" count="41" type="stmt"/>
        <line num="134" count="41" type="stmt"/>
        <line num="136" count="41" type="stmt"/>
        <line num="138" count="37" type="stmt"/>
        <line num="140" count="37" type="cond" truecount="1" falsecount="0"/>
        <line num="141" count="4" type="stmt"/>
        <line num="142" count="12" type="stmt"/>
        <line num="146" count="37" type="stmt"/>
      </file>
    </package>
  </project>
</coverage>
