<?xml version="1.0" encoding="UTF-8"?>
<coverage generated="1715719805653" clover="3.2.0">
  <project timestamp="1715719805653" name="All files">
    <metrics statements="175" coveredstatements="155" conditionals="151" coveredconditionals="124" methods="14" coveredmethods="11" elements="340" coveredelements="290" complexity="0" loc="175" ncloc="175" packages="2" files="4" classes="4"/>
    <package name="cli">
      <metrics statements="38" coveredstatements="23" conditionals="32" coveredconditionals="19" methods="7" coveredmethods="4"/>
      <file name="wrap.mjs" path="/Users/zane/playground/wrap-text-plus/src/cli/wrap.mjs">
        <metrics statements="38" coveredstatements="23" conditionals="32" coveredconditionals="19" methods="7" coveredmethods="4"/>
        <line num="1" count="1" type="stmt"/>
        <line num="3" count="1" type="stmt"/>
        <line num="4" count="1" type="stmt"/>
        <line num="6" count="106" type="cond" truecount="6" falsecount="0"/>
        <line num="8" count="1" type="stmt"/>
        <line num="48" count="21" type="cond" truecount="8" falsecount="7"/>
        <line num="54" count="3" type="stmt"/>
        <line num="57" count="3" type="stmt"/>
        <line num="65" count="3" type="cond" truecount="1" falsecount="0"/>
        <line num="68" count="4" type="stmt"/>
        <line num="69" count="1" type="stmt"/>
        <line num="70" count="1" type="stmt"/>
        <line num="72" count="1" type="stmt"/>
        <line num="73" count="1" type="stmt"/>
        <line num="78" count="2" type="cond" truecount="0" falsecount="1"/>
        <line num="80" count="4" type="stmt"/>
        <line num="82" count="1" type="stmt"/>
        <line num="83" count="1" type="stmt"/>
        <line num="84" count="1" type="stmt"/>
        <line num="85" count="2" type="cond" truecount="0" falsecount="1"/>
        <line num="88" count="0" type="stmt"/>
        <line num="89" count="1" type="stmt"/>
        <line num="93" count="0" type="stmt"/>
        <line num="94" count="0" type="stmt"/>
        <line num="100" count="0" type="stmt"/>
        <line num="101" count="0" type="stmt"/>
        <line num="103" count="0" type="stmt"/>
        <line num="105" count="0" type="stmt"/>
        <line num="106" count="0" type="stmt"/>
        <line num="109" count="0" type="stmt"/>
        <line num="110" count="0" type="stmt"/>
        <line num="113" count="0" type="stmt"/>
        <line num="115" count="0" type="stmt"/>
        <line num="116" count="0" type="stmt"/>
        <line num="117" count="0" type="stmt"/>
        <line num="120" count="0" type="stmt"/>
        <line num="121" count="3" type="stmt"/>
        <line num="124" count="1" type="stmt"/>
      </file>
    </package>
    <package name="lib">
      <metrics statements="137" coveredstatements="132" conditionals="119" coveredconditionals="105" methods="7" coveredmethods="7"/>
      <file name="get-base-width.mjs" path="/Users/zane/playground/wrap-text-plus/src/lib/get-base-width.mjs">
        <metrics statements="10" coveredstatements="10" conditionals="10" coveredconditionals="10" methods="1" coveredmethods="1"/>
        <line num="1" count="3" type="stmt"/>
        <line num="3" count="3" type="stmt"/>
        <line num="4" count="48" type="stmt"/>
        <line num="6" count="48" type="cond" truecount="2" falsecount="0"/>
        <line num="7" count="42" type="cond" truecount="2" falsecount="0"/>
        <line num="9" count="6" type="cond" truecount="2" falsecount="0"/>
        <line num="10" count="1" type="stmt"/>
        <line num="12" count="5" type="cond" truecount="4" falsecount="0"/>
        <line num="13" count="3" type="stmt"/>
        <line num="16" count="2" type="stmt"/>
      </file>
      <file name="get-effective-width.mjs" path="/Users/zane/playground/wrap-text-plus/src/lib/get-effective-width.mjs">
        <metrics statements="39" coveredstatements="39" conditionals="23" coveredconditionals="23" methods="1" coveredmethods="1"/>
        <line num="1" count="3" type="stmt"/>
        <line num="3" count="3" type="stmt"/>
        <line num="7" count="122" type="cond" truecount="4" falsecount="0"/>
        <line num="8" count="122" type="stmt"/>
        <line num="9" count="122" type="stmt"/>
        <line num="10" count="122" type="stmt"/>
        <line num="11" count="122" type="stmt"/>
        <line num="12" count="122" type="stmt"/>
        <line num="13" count="122" type="stmt"/>
        <line num="15" count="122" type="cond" truecount="2" falsecount="0"/>
        <line num="16" count="729" type="stmt"/>
        <line num="17" count="729" type="cond" truecount="1" falsecount="0"/>
        <line num="18" count="5" type="stmt"/>
        <line num="19" count="5" type="stmt"/>
        <line num="20" count="5" type="stmt"/>
        <line num="21" count="5" type="stmt"/>
        <line num="22" count="5" type="stmt"/>
        <line num="23" count="5" type="stmt"/>
        <line num="26" count="724" type="cond" truecount="4" falsecount="0"/>
        <line num="27" count="102" type="cond" truecount="2" falsecount="0"/>
        <line num="28" count="23" type="stmt"/>
        <line num="29" count="23" type="stmt"/>
        <line num="31" count="79" type="cond" truecount="1" falsecount="0"/>
        <line num="33" count="3" type="stmt"/>
        <line num="34" count="3" type="stmt"/>
        <line num="35" count="3" type="stmt"/>
        <line num="39" count="622" type="cond" truecount="4" falsecount="0"/>
        <line num="40" count="27" type="stmt"/>
        <line num="43" count="595" type="stmt"/>
        <line num="47" count="122" type="cond" truecount="1" falsecount="0"/>
        <line num="48" count="2" type="stmt"/>
        <line num="49" count="2" type="stmt"/>
        <line num="50" count="2" type="stmt"/>
        <line num="51" count="2" type="stmt"/>
        <line num="53" count="122" type="cond" truecount="3" falsecount="0"/>
        <line num="54" count="1" type="stmt"/>
        <line num="55" count="1" type="cond" truecount="1" falsecount="0"/>
        <line num="56" count="1" type="stmt"/>
        <line num="60" count="121" type="stmt"/>
      </file>
      <file name="wrap.mjs" path="/Users/zane/playground/wrap-text-plus/src/lib/wrap.mjs">
        <metrics statements="88" coveredstatements="83" conditionals="86" coveredconditionals="72" methods="5" coveredmethods="5"/>
        <line num="1" count="2" type="stmt"/>
        <line num="2" count="645" type="cond" truecount="3" falsecount="8"/>
        <line num="29" count="2" type="stmt"/>
        <line num="30" count="45" type="cond" truecount="2" falsecount="0"/>
        <line num="31" count="45" type="cond" truecount="2" falsecount="0"/>
        <line num="32" count="45" type="cond" truecount="2" falsecount="0"/>
        <line num="33" count="45" type="cond" truecount="2" falsecount="0"/>
        <line num="34" count="45" type="stmt"/>
        <line num="35" count="45" type="cond" truecount="2" falsecount="0"/>
        <line num="36" count="45" type="stmt"/>
        <line num="37" count="45" type="cond" truecount="3" falsecount="1"/>
        <line num="38" count="45" type="cond" truecount="6" falsecount="0"/>
        <line num="39" count="45" type="cond" truecount="1" falsecount="0"/>
        <line num="40" count="3" type="stmt"/>
        <line num="43" count="42" type="cond" truecount="0" falsecount="1"/>
        <line num="45" count="42" type="cond" truecount="1" falsecount="0"/>
        <line num="46" count="1" type="stmt"/>
        <line num="49" count="41" type="stmt"/>
        <line num="51" count="41" type="stmt"/>
        <line num="53" count="51" type="stmt"/>
        <line num="54" count="51" type="stmt"/>
        <line num="55" count="51" type="stmt"/>
        <line num="57" count="51" type="cond" truecount="2" falsecount="0"/>
        <line num="58" count="1" type="stmt"/>
        <line num="59" count="1" type="stmt"/>
        <line num="61" count="50" type="cond" truecount="1" falsecount="0"/>
        <line num="63" count="12" type="stmt"/>
        <line num="68" count="50" type="stmt"/>
        <line num="70" count="106" type="cond" truecount="4" falsecount="0"/>
        <line num="77" count="106" type="stmt"/>
        <line num="78" count="106" type="cond" truecount="2" falsecount="0"/>
        <line num="80" count="56" type="stmt"/>
        <line num="83" count="50" type="stmt"/>
        <line num="85" count="106" type="stmt"/>
        <line num="86" count="106" type="stmt"/>
        <line num="88" count="106" type="cond" truecount="2" falsecount="0"/>
        <line num="89" count="48" type="stmt"/>
        <line num="90" count="48" type="stmt"/>
        <line num="92" count="48" type="stmt"/>
        <line num="94" count="58" type="cond" truecount="2" falsecount="0"/>
        <line num="95" count="11" type="stmt"/>
        <line num="96" count="11" type="stmt"/>
        <line num="97" count="11" type="stmt"/>
        <line num="99" count="11" type="stmt"/>
        <line num="101" count="47" type="cond" truecount="1" falsecount="0"/>
        <line num="102" count="1" type="stmt"/>
        <line num="103" count="1" type="stmt"/>
        <line num="104" count="1" type="stmt"/>
        <line num="106" count="1" type="stmt"/>
        <line num="110" count="46" type="stmt"/>
        <line num="111" count="46" type="cond" truecount="4" falsecount="0"/>
        <line num="113" count="1" type="stmt"/>
        <line num="116" count="46" type="stmt"/>
        <line num="117" count="46" type="cond" truecount="1" falsecount="0"/>
        <line num="118" count="10" type="cond" truecount="4" falsecount="0"/>
        <line num="119" count="4" type="stmt"/>
        <line num="122" count="6" type="stmt"/>
        <line num="126" count="46" type="stmt"/>
        <line num="127" count="46" type="cond" truecount="4" falsecount="0"/>
        <line num="129" count="3" type="stmt"/>
        <line num="130" count="3" type="stmt"/>
        <line num="131" count="3" type="stmt"/>
        <line num="132" count="3" type="stmt"/>
        <line num="133" count="9" type="cond" truecount="1" falsecount="0"/>
        <line num="134" count="8" type="stmt"/>
        <line num="136" count="1" type="cond" truecount="1" falsecount="1"/>
        <line num="137" count="1" type="stmt"/>
        <line num="139" count="0" type="cond" truecount="0" falsecount="1"/>
        <line num="140" count="0" type="stmt"/>
        <line num="142" count="0" type="stmt"/>
        <line num="144" count="3" type="cond" truecount="2" falsecount="0"/>
        <line num="145" count="1" type="cond" truecount="1" falsecount="1"/>
        <line num="146" count="1" type="stmt"/>
        <line num="149" count="0" type="stmt"/>
        <line num="153" count="2" type="stmt"/>
        <line num="156" count="43" type="cond" truecount="3" falsecount="0"/>
        <line num="157" count="4" type="stmt"/>
        <line num="159" count="46" type="cond" truecount="0" falsecount="1"/>
        <line num="160" count="0" type="stmt"/>
        <line num="163" count="46" type="stmt"/>
        <line num="165" count="46" type="stmt"/>
        <line num="167" count="46" type="stmt"/>
        <line num="169" count="41" type="stmt"/>
        <line num="171" count="41" type="cond" truecount="1" falsecount="0"/>
        <line num="172" count="4" type="stmt"/>
        <line num="173" count="12" type="cond" truecount="3" falsecount="0"/>
        <line num="174" count="12" type="stmt"/>
        <line num="179" count="41" type="stmt"/>
      </file>
    </package>
  </project>
</coverage>
