{"/Users/zane/playground/liquid-labs/wrap-text/src/cli/wrap.mjs": {"path":"/Users/zane/playground/liquid-labs/wrap-text/src/cli/wrap.mjs","statementMap":{"0":{"start":{"line":1,"column":0},"end":{"line":1,"column":null}},"1":{"start":{"line":3,"column":0},"end":{"line":3,"column":null}},"2":{"start":{"line":4,"column":0},"end":{"line":4,"column":null}},"3":{"start":{"line":6,"column":0},"end":{"line":6,"column":44}},"4":{"start":{"line":6,"column":44},"end":{"line":6,"column":null}},"5":{"start":{"line":8,"column":16},"end":{"line":29,"column":1}},"6":{"start":{"line":31,"column":10},"end":{"line":31,"column":13}},"7":{"start":{"line":31,"column":10},"end":{"line":101,"column":null}},"8":{"start":{"line":31,"column":13},"end":{"line":31,"column":null}},"9":{"start":{"line":31,"column":13},"end":{"line":98,"column":null}},"10":{"start":{"line":31,"column":13},"end":{"line":35,"column":null}},"11":{"start":{"line":37,"column":8},"end":{"line":37,"column":null}},"12":{"start":{"line":39,"column":8},"end":{"line":39,"column":null}},"13":{"start":{"line":40,"column":8},"end":{"line":40,"column":null}},"14":{"start":{"line":41,"column":8},"end":{"line":41,"column":null}},"15":{"start":{"line":42,"column":8},"end":{"line":42,"column":null}},"16":{"start":{"line":43,"column":20},"end":{"line":43,"column":58}},"17":{"start":{"line":43,"column":53},"end":{"line":45,"column":null}},"18":{"start":{"line":45,"column":25},"end":{"line":45,"column":null}},"19":{"start":{"line":46,"column":10},"end":{"line":46,"column":null}},"20":{"start":{"line":47,"column":10},"end":{"line":47,"column":null}},"21":{"start":{"line":49,"column":10},"end":{"line":49,"column":null}},"22":{"start":{"line":50,"column":4},"end":{"line":50,"column":null}},"23":{"start":{"line":50,"column":31},"end":{"line":52,"column":null}},"24":{"start":{"line":55,"column":8},"end":{"line":55,"column":null}},"25":{"start":{"line":55,"column":87},"end":{"line":57,"column":null}},"26":{"start":{"line":57,"column":29},"end":{"line":57,"column":null}},"27":{"start":{"line":57,"column":29},"end":{"line":59,"column":null}},"28":{"start":{"line":59,"column":12},"end":{"line":59,"column":29}},"29":{"start":{"line":60,"column":12},"end":{"line":60,"column":null}},"30":{"start":{"line":61,"column":6},"end":{"line":61,"column":null}},"31":{"start":{"line":61,"column":35},"end":{"line":62,"column":null}},"32":{"start":{"line":62,"column":14},"end":{"line":62,"column":null}},"33":{"start":{"line":62,"column":14},"end":{"line":65,"column":null}},"34":{"start":{"line":65,"column":29},"end":{"line":65,"column":null}},"35":{"start":{"line":66,"column":8},"end":{"line":66,"column":null}},"36":{"start":{"line":66,"column":65},"end":{"line":67,"column":null}},"37":{"start":{"line":70,"column":8},"end":{"line":70,"column":null}},"38":{"start":{"line":70,"column":81},"end":{"line":71,"column":null}},"39":{"start":{"line":71,"column":17},"end":{"line":71,"column":null}},"40":{"start":{"line":71,"column":17},"end":{"line":91,"column":null}},"41":{"start":{"line":78,"column":19},"end":{"line":78,"column":21}},"42":{"start":{"line":80,"column":8},"end":{"line":80,"column":null}},"43":{"start":{"line":82,"column":8},"end":{"line":84,"column":null}},"44":{"start":{"line":83,"column":10},"end":{"line":83,"column":null}},"45":{"start":{"line":86,"column":8},"end":{"line":88,"column":null}},"46":{"start":{"line":87,"column":10},"end":{"line":87,"column":null}},"47":{"start":{"line":90,"column":8},"end":{"line":90,"column":null}},"48":{"start":{"line":77,"column":12},"end":{"line":77,"column":26}},"49":{"start":{"line":92,"column":12},"end":{"line":92,"column":null}},"50":{"start":{"line":93,"column":6},"end":{"line":93,"column":null}},"51":{"start":{"line":93,"column":35},"end":{"line":94,"column":null}},"52":{"start":{"line":94,"column":14},"end":{"line":94,"column":null}},"53":{"start":{"line":97,"column":6},"end":{"line":97,"column":null}},"54":{"start":{"line":97,"column":82},"end":{"line":98,"column":null}},"55":{"start":{"line":98,"column":15},"end":{"line":98,"column":null}},"56":{"start":{"line":101,"column":1},"end":{"line":31,"column":13}}},"fnMap":{"0":{"name":"_getRequireWildcardCache","decl":{"start":{"line":6,"column":44},"end":{"line":6,"column":null}},"loc":{"start":{"line":6,"column":44},"end":{"line":6,"column":null}}},"1":{"name":"(anonymous_3)","decl":{"start":{"line":31,"column":10},"end":{"line":31,"column":13}},"loc":{"start":{"line":31,"column":10},"end":{"line":31,"column":13}}},"2":{"name":"_callee","decl":{"start":{"line":31,"column":13},"end":{"line":31,"column":null}},"loc":{"start":{"line":31,"column":13},"end":{"line":98,"column":null}}},"3":{"name":"(anonymous_6)","decl":{"start":{"line":77,"column":38},"end":{"line":77,"column":47}},"loc":{"start":{"line":77,"column":64},"end":{"line":91,"column":7}}},"4":{"name":"(anonymous_7)","decl":{"start":{"line":82,"column":25},"end":{"line":82,"column":34}},"loc":{"start":{"line":82,"column":41},"end":{"line":84,"column":9}}},"5":{"name":"(anonymous_8)","decl":{"start":{"line":86,"column":24},"end":{"line":86,"column":35}},"loc":{"start":{"line":86,"column":35},"end":{"line":88,"column":9}}},"6":{"name":"wrap","decl":{"start":{"line":31,"column":6},"end":{"line":31,"column":10}},"loc":{"start":{"line":31,"column":10},"end":{"line":31,"column":13}}}},"branchMap":{"0":{"loc":{"start":{"line":6,"column":44},"end":{"line":6,"column":null}},"type":"if","locations":[{"start":{"line":6,"column":44},"end":{"line":6,"column":null}}]},"1":{"loc":{"start":{"line":6,"column":44},"end":{"line":6,"column":null}},"type":"cond-expr","locations":[{"start":{"line":6,"column":44},"end":{"line":6,"column":null}},{"start":{"line":6,"column":44},"end":{"line":6,"column":null}}]},"2":{"loc":{"start":{"line":6,"column":44},"end":{"line":6,"column":null}},"type":"binary-expr","locations":[{"start":{"line":6,"column":44},"end":{"line":6,"column":null}},{"start":{"line":6,"column":44},"end":{"line":6,"column":null}},{"start":{"line":6,"column":44},"end":{"line":6,"column":null}}]},"3":{"loc":{"start":{"line":31,"column":13},"end":{"line":98,"column":null}},"type":"switch","locations":[{"start":{"line":31,"column":13},"end":{"line":52,"column":null}},{"start":{"line":52,"column":12},"end":{"line":59,"column":null}},{"start":{"line":59,"column":74},"end":{"line":62,"column":null}},{"start":{"line":62,"column":14},"end":{"line":67,"column":null}},{"start":{"line":67,"column":16},"end":{"line":71,"column":null}},{"start":{"line":71,"column":17},"end":{"line":71,"column":null}},{"start":{"line":71,"column":17},"end":{"line":91,"column":null}},{"start":{"line":91,"column":8},"end":{"line":94,"column":null}},{"start":{"line":94,"column":14},"end":{"line":98,"column":null}},{"start":{"line":98,"column":15},"end":{"line":98,"column":null}},{"start":{"line":98,"column":15},"end":{"line":98,"column":null}}]},"4":{"loc":{"start":{"line":31,"column":13},"end":{"line":36,"column":6}},"type":"cond-expr","locations":[{"start":{"line":31,"column":13},"end":{"line":31,"column":null}},{"start":{"line":36,"column":4},"end":{"line":36,"column":6}}]},"5":{"loc":{"start":{"line":31,"column":13},"end":{"line":31,"column":null}},"type":"binary-expr","locations":[{"start":{"line":31,"column":13},"end":{"line":31,"column":null}},{"start":{"line":31,"column":13},"end":{"line":31,"column":null}}]},"6":{"loc":{"start":{"line":32,"column":6},"end":{"line":32,"column":null}},"type":"cond-expr","locations":[{"start":{"line":32,"column":9},"end":{"line":32,"column":21}},{"start":{"line":32,"column":21},"end":{"line":32,"column":null}}]},"7":{"loc":{"start":{"line":33,"column":8},"end":{"line":33,"column":null}},"type":"cond-expr","locations":[{"start":{"line":33,"column":11},"end":{"line":33,"column":25}},{"start":{"line":33,"column":25},"end":{"line":33,"column":null}}]},"8":{"loc":{"start":{"line":34,"column":7},"end":{"line":34,"column":null}},"type":"cond-expr","locations":[{"start":{"line":34,"column":10},"end":{"line":34,"column":23}},{"start":{"line":34,"column":23},"end":{"line":34,"column":null}}]},"9":{"loc":{"start":{"line":35,"column":8},"end":{"line":35,"column":null}},"type":"cond-expr","locations":[{"start":{"line":35,"column":11},"end":{"line":35,"column":25}},{"start":{"line":35,"column":25},"end":{"line":35,"column":null}}]},"10":{"loc":{"start":{"line":43,"column":53},"end":{"line":45,"column":null}},"type":"if","locations":[{"start":{"line":43,"column":53},"end":{"line":45,"column":null}}]},"11":{"loc":{"start":{"line":55,"column":87},"end":{"line":57,"column":null}},"type":"if","locations":[{"start":{"line":55,"column":87},"end":{"line":57,"column":null}}]},"12":{"loc":{"start":{"line":62,"column":14},"end":{"line":65,"column":null}},"type":"if","locations":[{"start":{"line":62,"column":14},"end":{"line":65,"column":null}}]}},"s":{"0":1,"1":1,"2":1,"3":1,"4":106,"5":1,"6":4,"7":1,"8":3,"9":21,"10":3,"11":3,"12":3,"13":3,"14":3,"15":3,"16":3,"17":3,"18":4,"19":1,"20":1,"21":1,"22":1,"23":1,"24":2,"25":2,"26":4,"27":2,"28":1,"29":1,"30":1,"31":1,"32":2,"33":1,"34":0,"35":1,"36":1,"37":0,"38":0,"39":0,"40":0,"41":0,"42":0,"43":0,"44":0,"45":0,"46":0,"47":0,"48":0,"49":0,"50":0,"51":0,"52":0,"53":0,"54":0,"55":3,"56":1},"f":{"0":3,"1":1,"2":11,"3":0,"4":0,"5":0,"6":3},"b":{"0":[31],"1":[65,66],"2":[33,33,32],"3":[3,2,1,1,0,0,0,0,0,0,3],"4":[3,0],"5":[3,3],"6":[0,3],"7":[0,3],"8":[3,0],"9":[0,3],"10":[2],"11":[0],"12":[0]}}
,"/Users/zane/playground/liquid-labs/wrap-text/src/lib/get-base-width.mjs": {"path":"/Users/zane/playground/liquid-labs/wrap-text/src/lib/get-base-width.mjs","statementMap":{"0":{"start":{"line":1,"column":19},"end":{"line":1,"column":24}},"1":{"start":{"line":3,"column":18},"end":{"line":18,"column":1}},"2":{"start":{"line":4,"column":23},"end":{"line":4,"column":45}},"3":{"start":{"line":6,"column":2},"end":{"line":17,"column":null}},"4":{"start":{"line":7,"column":4},"end":{"line":7,"column":null}},"5":{"start":{"line":9,"column":7},"end":{"line":17,"column":null}},"6":{"start":{"line":10,"column":4},"end":{"line":10,"column":null}},"7":{"start":{"line":12,"column":7},"end":{"line":17,"column":null}},"8":{"start":{"line":13,"column":4},"end":{"line":13,"column":null}},"9":{"start":{"line":16,"column":4},"end":{"line":16,"column":null}}},"fnMap":{"0":{"name":"getBaseWidth","decl":{"start":{"line":3,"column":6},"end":{"line":3,"column":18}},"loc":{"start":{"line":3,"column":41},"end":{"line":18,"column":1}}}},"branchMap":{"0":{"loc":{"start":{"line":6,"column":2},"end":{"line":17,"column":null}},"type":"if","locations":[{"start":{"line":6,"column":2},"end":{"line":17,"column":null}},{"start":{"line":9,"column":7},"end":{"line":17,"column":null}}]},"1":{"loc":{"start":{"line":7,"column":11},"end":{"line":7,"column":42}},"type":"binary-expr","locations":[{"start":{"line":7,"column":11},"end":{"line":7,"column":25}},{"start":{"line":7,"column":29},"end":{"line":7,"column":42}}]},"2":{"loc":{"start":{"line":9,"column":7},"end":{"line":17,"column":null}},"type":"if","locations":[{"start":{"line":9,"column":7},"end":{"line":17,"column":null}},{"start":{"line":12,"column":7},"end":{"line":17,"column":null}}]},"3":{"loc":{"start":{"line":10,"column":11},"end":{"line":10,"column":40}},"type":"binary-expr","locations":[{"start":{"line":10,"column":11},"end":{"line":10,"column":23}},{"start":{"line":10,"column":27},"end":{"line":10,"column":40}}]},"4":{"loc":{"start":{"line":12,"column":7},"end":{"line":17,"column":null}},"type":"if","locations":[{"start":{"line":12,"column":7},"end":{"line":17,"column":null}},{"start":{"line":15,"column":7},"end":{"line":17,"column":null}}]},"5":{"loc":{"start":{"line":12,"column":11},"end":{"line":12,"column":64}},"type":"binary-expr","locations":[{"start":{"line":12,"column":11},"end":{"line":12,"column":31}},{"start":{"line":12,"column":35},"end":{"line":12,"column":64}}]}},"s":{"0":3,"1":3,"2":43,"3":43,"4":37,"5":6,"6":1,"7":5,"8":3,"9":2},"f":{"0":43},"b":{"0":[37,6],"1":[37,2],"2":[1,5],"3":[1,0],"4":[3,2],"5":[5,4]}}
,"/Users/zane/playground/liquid-labs/wrap-text/src/lib/get-effective-width.mjs": {"path":"/Users/zane/playground/liquid-labs/wrap-text/src/lib/get-effective-width.mjs","statementMap":{"0":{"start":{"line":1,"column":20},"end":{"line":1,"column":36}},"1":{"start":{"line":5,"column":23},"end":{"line":46,"column":1}},"2":{"start":{"line":5,"column":33},"end":{"line":5,"column":32}},"3":{"start":{"line":5,"column":40},"end":{"line":5,"column":39}},"4":{"start":{"line":5,"column":40},"end":{"line":5,"column":48}},"5":{"start":{"line":5,"column":48},"end":{"line":5,"column":54}},"6":{"start":{"line":5,"column":52},"end":{"line":5,"column":64}},"7":{"start":{"line":5,"column":64},"end":{"line":5,"column":79}},"8":{"start":{"line":6,"column":2},"end":{"line":45,"column":null}},"9":{"start":{"line":6,"column":28},"end":{"line":6,"column":null}},"10":{"start":{"line":8,"column":4},"end":{"line":8,"column":27}},"11":{"start":{"line":9,"column":20},"end":{"line":9,"column":21}},"12":{"start":{"line":10,"column":19},"end":{"line":10,"column":20}},"13":{"start":{"line":11,"column":18},"end":{"line":11,"column":20}},"14":{"start":{"line":12,"column":17},"end":{"line":12,"column":18}},"15":{"start":{"line":14,"column":4},"end":{"line":36,"column":null}},"16":{"start":{"line":15,"column":19},"end":{"line":15,"column":38}},"17":{"start":{"line":16,"column":6},"end":{"line":35,"column":null}},"18":{"start":{"line":17,"column":8},"end":{"line":26,"column":null}},"19":{"start":{"line":18,"column":10},"end":{"line":18,"column":null}},"20":{"start":{"line":19,"column":10},"end":{"line":19,"column":null}},"21":{"start":{"line":21,"column":13},"end":{"line":26,"column":null}},"22":{"start":{"line":23,"column":10},"end":{"line":23,"column":25}},"23":{"start":{"line":24,"column":10},"end":{"line":24,"column":31}},"24":{"start":{"line":25,"column":10},"end":{"line":25,"column":null}},"25":{"start":{"line":29,"column":8},"end":{"line":34,"column":null}},"26":{"start":{"line":30,"column":10},"end":{"line":30,"column":null}},"27":{"start":{"line":33,"column":10},"end":{"line":33,"column":null}},"28":{"start":{"line":37,"column":4},"end":{"line":42,"column":null}},"29":{"start":{"line":38,"column":6},"end":{"line":38,"column":null}},"30":{"start":{"line":39,"column":6},"end":{"line":41,"column":null}},"31":{"start":{"line":40,"column":8},"end":{"line":40,"column":null}},"32":{"start":{"line":44,"column":4},"end":{"line":44,"column":null}}},"fnMap":{"0":{"name":"getEffectiveWidth","decl":{"start":{"line":5,"column":6},"end":{"line":5,"column":23}},"loc":{"start":{"line":5,"column":79},"end":{"line":46,"column":1}}}},"branchMap":{"0":{"loc":{"start":{"line":5,"column":48},"end":{"line":5,"column":54}},"type":"cond-expr","locations":[{"start":{"line":5,"column":51},"end":{"line":5,"column":52}},{"start":{"line":5,"column":52},"end":{"line":5,"column":54}}]},"1":{"loc":{"start":{"line":5,"column":64},"end":{"line":5,"column":79}},"type":"cond-expr","locations":[{"start":{"line":5,"column":67},"end":{"line":5,"column":72}},{"start":{"line":5,"column":72},"end":{"line":5,"column":79}}]},"2":{"loc":{"start":{"line":6,"column":2},"end":{"line":45,"column":null}},"type":"if","locations":[{"start":{"line":6,"column":2},"end":{"line":45,"column":null}},{"start":{"line":7,"column":7},"end":{"line":45,"column":null}}]},"3":{"loc":{"start":{"line":14,"column":11},"end":{"line":14,"column":52}},"type":"binary-expr","locations":[{"start":{"line":14,"column":11},"end":{"line":14,"column":31}},{"start":{"line":14,"column":35},"end":{"line":14,"column":52}}]},"4":{"loc":{"start":{"line":16,"column":6},"end":{"line":35,"column":null}},"type":"if","locations":[{"start":{"line":16,"column":6},"end":{"line":35,"column":null}},{"start":{"line":28,"column":11},"end":{"line":35,"column":null}}]},"5":{"loc":{"start":{"line":17,"column":8},"end":{"line":26,"column":null}},"type":"if","locations":[{"start":{"line":17,"column":8},"end":{"line":26,"column":null}},{"start":{"line":21,"column":13},"end":{"line":26,"column":null}}]},"6":{"loc":{"start":{"line":21,"column":13},"end":{"line":26,"column":null}},"type":"if","locations":[{"start":{"line":21,"column":13},"end":{"line":26,"column":null}}]},"7":{"loc":{"start":{"line":29,"column":8},"end":{"line":34,"column":null}},"type":"if","locations":[{"start":{"line":29,"column":8},"end":{"line":34,"column":null}},{"start":{"line":32,"column":13},"end":{"line":34,"column":null}}]},"8":{"loc":{"start":{"line":37,"column":4},"end":{"line":42,"column":null}},"type":"if","locations":[{"start":{"line":37,"column":4},"end":{"line":42,"column":null}}]},"9":{"loc":{"start":{"line":39,"column":6},"end":{"line":41,"column":null}},"type":"if","locations":[{"start":{"line":39,"column":6},"end":{"line":41,"column":null}}]}},"s":{"0":3,"1":3,"2":109,"3":109,"4":109,"5":109,"6":109,"7":109,"8":109,"9":47,"10":62,"11":62,"12":62,"13":62,"14":62,"15":62,"16":376,"17":376,"18":98,"19":22,"20":22,"21":76,"22":3,"23":3,"24":3,"25":278,"26":26,"27":252,"28":62,"29":1,"30":1,"31":1,"32":61},"f":{"0":109},"b":{"0":[13,96],"1":[5,104],"2":[47,62],"3":[438,421],"4":[98,278],"5":[22,76],"6":[3],"7":[26,252],"8":[1],"9":[1]}}
,"/Users/zane/playground/liquid-labs/wrap-text/src/lib/wrap.mjs": {"path":"/Users/zane/playground/liquid-labs/wrap-text/src/lib/wrap.mjs","statementMap":{"0":{"start":{"line":1,"column":0},"end":{"line":1,"column":null}},"1":{"start":{"line":2,"column":0},"end":{"line":2,"column":57}},"2":{"start":{"line":2,"column":57},"end":{"line":2,"column":null}},"3":{"start":{"line":28,"column":10},"end":{"line":147,"column":1}},"4":{"start":{"line":35,"column":11},"end":{"line":35,"column":6}},"5":{"start":{"line":35,"column":6},"end":{"line":29,"column":15}},"6":{"start":{"line":29,"column":15},"end":{"line":29,"column":null}},"7":{"start":{"line":29,"column":19},"end":{"line":30,"column":12}},"8":{"start":{"line":30,"column":12},"end":{"line":30,"column":null}},"9":{"start":{"line":30,"column":20},"end":{"line":31,"column":8}},"10":{"start":{"line":31,"column":8},"end":{"line":31,"column":null}},"11":{"start":{"line":32,"column":8},"end":{"line":32,"column":7}},"12":{"start":{"line":32,"column":8},"end":{"line":33,"column":13}},"13":{"start":{"line":33,"column":13},"end":{"line":33,"column":null}},"14":{"start":{"line":34,"column":7},"end":{"line":34,"column":6}},"15":{"start":{"line":36,"column":28},"end":{"line":36,"column":116}},"16":{"start":{"line":37,"column":2},"end":{"line":39,"column":null}},"17":{"start":{"line":38,"column":4},"end":{"line":38,"column":null}},"18":{"start":{"line":41,"column":2},"end":{"line":41,"column":null}},"19":{"start":{"line":41,"column":13},"end":{"line":41,"column":null}},"20":{"start":{"line":43,"column":2},"end":{"line":45,"column":null}},"21":{"start":{"line":44,"column":4},"end":{"line":44,"column":null}},"22":{"start":{"line":47,"column":2},"end":{"line":47,"column":null}},"23":{"start":{"line":49,"column":16},"end":{"line":49,"column":18}},"24":{"start":{"line":49,"column":18},"end":{"line":51,"column":38}},"25":{"start":{"line":51,"column":36},"end":{"line":138,"column":null}},"26":{"start":{"line":51,"column":2},"end":{"line":138,"column":3}},"27":{"start":{"line":51,"column":16},"end":{"line":51,"column":20}},"28":{"start":{"line":52,"column":16},"end":{"line":52,"column":20}},"29":{"start":{"line":53,"column":17},"end":{"line":53,"column":18}},"30":{"start":{"line":55,"column":4},"end":{"line":62,"column":null}},"31":{"start":{"line":56,"column":6},"end":{"line":56,"column":null}},"32":{"start":{"line":57,"column":6},"end":{"line":57,"column":null}},"33":{"start":{"line":59,"column":9},"end":{"line":62,"column":null}},"34":{"start":{"line":61,"column":6},"end":{"line":61,"column":null}},"35":{"start":{"line":66,"column":4},"end":{"line":137,"column":5}},"36":{"start":{"line":68,"column":30},"end":{"line":74,"column":15}},"37":{"start":{"line":75,"column":17},"end":{"line":75,"column":97}},"38":{"start":{"line":76,"column":19},"end":{"line":76,"column":46}},"39":{"start":{"line":77,"column":23},"end":{"line":77,"column":24}},"40":{"start":{"line":78,"column":6},"end":{"line":84,"column":null}},"41":{"start":{"line":80,"column":8},"end":{"line":80,"column":null}},"42":{"start":{"line":83,"column":8},"end":{"line":83,"column":null}},"43":{"start":{"line":86,"column":6},"end":{"line":105,"column":null}},"44":{"start":{"line":87,"column":8},"end":{"line":87,"column":null}},"45":{"start":{"line":88,"column":8},"end":{"line":88,"column":null}},"46":{"start":{"line":90,"column":8},"end":{"line":90,"column":13}},"47":{"start":{"line":92,"column":11},"end":{"line":105,"column":null}},"48":{"start":{"line":93,"column":8},"end":{"line":93,"column":null}},"49":{"start":{"line":94,"column":8},"end":{"line":94,"column":null}},"50":{"start":{"line":95,"column":8},"end":{"line":95,"column":null}},"51":{"start":{"line":97,"column":8},"end":{"line":97,"column":null}},"52":{"start":{"line":99,"column":11},"end":{"line":105,"column":null}},"53":{"start":{"line":100,"column":8},"end":{"line":100,"column":null}},"54":{"start":{"line":101,"column":8},"end":{"line":101,"column":null}},"55":{"start":{"line":102,"column":8},"end":{"line":102,"column":null}},"56":{"start":{"line":104,"column":8},"end":{"line":104,"column":null}},"57":{"start":{"line":108,"column":19},"end":{"line":108,"column":45}},"58":{"start":{"line":109,"column":6},"end":{"line":112,"column":null}},"59":{"start":{"line":111,"column":8},"end":{"line":111,"column":null}},"60":{"start":{"line":114,"column":18},"end":{"line":114,"column":44}},"61":{"start":{"line":115,"column":6},"end":{"line":122,"column":null}},"62":{"start":{"line":116,"column":8},"end":{"line":121,"column":null}},"63":{"start":{"line":117,"column":10},"end":{"line":117,"column":null}},"64":{"start":{"line":120,"column":10},"end":{"line":120,"column":null}},"65":{"start":{"line":124,"column":14},"end":{"line":124,"column":37}},"66":{"start":{"line":125,"column":6},"end":{"line":127,"column":null}},"67":{"start":{"line":126,"column":8},"end":{"line":126,"column":null}},"68":{"start":{"line":128,"column":6},"end":{"line":130,"column":null}},"69":{"start":{"line":129,"column":8},"end":{"line":129,"column":null}},"70":{"start":{"line":132,"column":6},"end":{"line":132,"column":null}},"71":{"start":{"line":134,"column":6},"end":{"line":134,"column":null}},"72":{"start":{"line":136,"column":6},"end":{"line":136,"column":null}},"73":{"start":{"line":138,"column":4},"end":{"line":138,"column":null}},"74":{"start":{"line":140,"column":2},"end":{"line":144,"column":null}},"75":{"start":{"line":141,"column":4},"end":{"line":143,"column":null}},"76":{"start":{"line":142,"column":6},"end":{"line":142,"column":null}},"77":{"start":{"line":146,"column":2},"end":{"line":146,"column":null}}},"fnMap":{"0":{"name":"_createForOfIteratorHelper","decl":{"start":{"line":2,"column":57},"end":{"line":2,"column":null}},"loc":{"start":{"line":2,"column":57},"end":{"line":2,"column":null}}},"1":{"name":"wrap","decl":{"start":{"line":28,"column":6},"end":{"line":28,"column":10}},"loc":{"start":{"line":35,"column":11},"end":{"line":147,"column":1}}},"2":{"name":"(anonymous_11)","decl":{"start":{"line":141,"column":18},"end":{"line":141,"column":19}},"loc":{"start":{"line":141,"column":36},"end":{"line":143,"column":5}}}},"branchMap":{"0":{"loc":{"start":{"line":2,"column":57},"end":{"line":2,"column":null}},"type":"binary-expr","locations":[{"start":{"line":2,"column":57},"end":{"line":2,"column":null}},{"start":{"line":2,"column":57},"end":{"line":2,"column":null}},{"start":{"line":2,"column":57},"end":{"line":2,"column":null}}]},"1":{"loc":{"start":{"line":2,"column":57},"end":{"line":2,"column":null}},"type":"if","locations":[{"start":{"line":2,"column":57},"end":{"line":2,"column":null}}]},"2":{"loc":{"start":{"line":2,"column":57},"end":{"line":2,"column":null}},"type":"binary-expr","locations":[{"start":{"line":2,"column":57},"end":{"line":2,"column":null}},{"start":{"line":2,"column":57},"end":{"line":2,"column":null}},{"start":{"line":2,"column":57},"end":{"line":2,"column":null}},{"start":{"line":2,"column":57},"end":{"line":2,"column":null}},{"start":{"line":2,"column":57},"end":{"line":2,"column":null}}]},"3":{"loc":{"start":{"line":2,"column":57},"end":{"line":2,"column":null}},"type":"binary-expr","locations":[{"start":{"line":2,"column":57},"end":{"line":2,"column":null}},{"start":{"line":2,"column":57},"end":{"line":2,"column":null}}]},"4":{"loc":{"start":{"line":35,"column":11},"end":{"line":35,"column":6}},"type":"cond-expr","locations":[{"start":{"line":35,"column":11},"end":{"line":35,"column":null}},{"start":{"line":35,"column":4},"end":{"line":35,"column":6}}]},"5":{"loc":{"start":{"line":35,"column":11},"end":{"line":35,"column":null}},"type":"binary-expr","locations":[{"start":{"line":35,"column":11},"end":{"line":35,"column":null}},{"start":{"line":35,"column":11},"end":{"line":35,"column":null}}]},"6":{"loc":{"start":{"line":29,"column":15},"end":{"line":29,"column":null}},"type":"cond-expr","locations":[{"start":{"line":29,"column":18},"end":{"line":29,"column":19}},{"start":{"line":29,"column":19},"end":{"line":29,"column":null}}]},"7":{"loc":{"start":{"line":30,"column":12},"end":{"line":30,"column":null}},"type":"cond-expr","locations":[{"start":{"line":30,"column":15},"end":{"line":30,"column":20}},{"start":{"line":30,"column":20},"end":{"line":30,"column":null}}]},"8":{"loc":{"start":{"line":31,"column":8},"end":{"line":31,"column":null}},"type":"cond-expr","locations":[{"start":{"line":31,"column":11},"end":{"line":31,"column":12}},{"start":{"line":31,"column":12},"end":{"line":31,"column":null}}]},"9":{"loc":{"start":{"line":33,"column":13},"end":{"line":33,"column":null}},"type":"cond-expr","locations":[{"start":{"line":33,"column":16},"end":{"line":33,"column":21}},{"start":{"line":33,"column":21},"end":{"line":33,"column":null}}]},"10":{"loc":{"start":{"line":36,"column":29},"end":{"line":36,"column":59}},"type":"cond-expr","locations":[{"start":{"line":36,"column":54},"end":{"line":36,"column":55}},{"start":{"line":36,"column":58},"end":{"line":36,"column":59}}]},"11":{"loc":{"start":{"line":36,"column":64},"end":{"line":36,"column":82}},"type":"cond-expr","locations":[{"start":{"line":36,"column":77},"end":{"line":36,"column":78}},{"start":{"line":36,"column":81},"end":{"line":36,"column":82}}]},"12":{"loc":{"start":{"line":36,"column":87},"end":{"line":36,"column":115}},"type":"cond-expr","locations":[{"start":{"line":36,"column":110},"end":{"line":36,"column":111}},{"start":{"line":36,"column":114},"end":{"line":36,"column":115}}]},"13":{"loc":{"start":{"line":37,"column":2},"end":{"line":39,"column":null}},"type":"if","locations":[{"start":{"line":37,"column":2},"end":{"line":39,"column":null}}]},"14":{"loc":{"start":{"line":41,"column":2},"end":{"line":41,"column":null}},"type":"if","locations":[{"start":{"line":41,"column":2},"end":{"line":41,"column":null}}]},"15":{"loc":{"start":{"line":43,"column":2},"end":{"line":45,"column":null}},"type":"if","locations":[{"start":{"line":43,"column":2},"end":{"line":45,"column":null}}]},"16":{"loc":{"start":{"line":55,"column":4},"end":{"line":62,"column":null}},"type":"if","locations":[{"start":{"line":55,"column":4},"end":{"line":62,"column":null}},{"start":{"line":59,"column":9},"end":{"line":62,"column":null}}]},"17":{"loc":{"start":{"line":59,"column":9},"end":{"line":62,"column":null}},"type":"if","locations":[{"start":{"line":59,"column":9},"end":{"line":62,"column":null}}]},"18":{"loc":{"start":{"line":68,"column":30},"end":{"line":74,"column":15}},"type":"cond-expr","locations":[{"start":{"line":69,"column":10},"end":{"line":69,"column":16}},{"start":{"line":70,"column":10},"end":{"line":74,"column":15}}]},"19":{"loc":{"start":{"line":68,"column":30},"end":{"line":68,"column":60}},"type":"binary-expr","locations":[{"start":{"line":68,"column":30},"end":{"line":68,"column":44}},{"start":{"line":68,"column":48},"end":{"line":68,"column":60}}]},"20":{"loc":{"start":{"line":70,"column":10},"end":{"line":74,"column":15}},"type":"cond-expr","locations":[{"start":{"line":71,"column":12},"end":{"line":71,"column":25}},{"start":{"line":72,"column":12},"end":{"line":74,"column":15}}]},"21":{"loc":{"start":{"line":70,"column":10},"end":{"line":70,"column":33}},"type":"binary-expr","locations":[{"start":{"line":70,"column":10},"end":{"line":70,"column":23}},{"start":{"line":70,"column":27},"end":{"line":70,"column":33}}]},"22":{"loc":{"start":{"line":72,"column":12},"end":{"line":74,"column":15}},"type":"cond-expr","locations":[{"start":{"line":73,"column":14},"end":{"line":73,"column":20}},{"start":{"line":74,"column":14},"end":{"line":74,"column":15}}]},"23":{"loc":{"start":{"line":72,"column":12},"end":{"line":72,"column":47}},"type":"binary-expr","locations":[{"start":{"line":72,"column":12},"end":{"line":72,"column":23}},{"start":{"line":72,"column":27},"end":{"line":72,"column":37}},{"start":{"line":72,"column":41},"end":{"line":72,"column":47}}]},"24":{"loc":{"start":{"line":78,"column":6},"end":{"line":84,"column":null}},"type":"if","locations":[{"start":{"line":78,"column":6},"end":{"line":84,"column":null}},{"start":{"line":82,"column":11},"end":{"line":84,"column":null}}]},"25":{"loc":{"start":{"line":86,"column":6},"end":{"line":105,"column":null}},"type":"if","locations":[{"start":{"line":86,"column":6},"end":{"line":105,"column":null}},{"start":{"line":92,"column":11},"end":{"line":105,"column":null}}]},"26":{"loc":{"start":{"line":92,"column":11},"end":{"line":105,"column":null}},"type":"if","locations":[{"start":{"line":92,"column":11},"end":{"line":105,"column":null}},{"start":{"line":99,"column":11},"end":{"line":105,"column":null}}]},"27":{"loc":{"start":{"line":99,"column":11},"end":{"line":105,"column":null}},"type":"if","locations":[{"start":{"line":99,"column":11},"end":{"line":105,"column":null}}]},"28":{"loc":{"start":{"line":109,"column":6},"end":{"line":112,"column":null}},"type":"if","locations":[{"start":{"line":109,"column":6},"end":{"line":112,"column":null}}]},"29":{"loc":{"start":{"line":109,"column":10},"end":{"line":109,"column":63}},"type":"binary-expr","locations":[{"start":{"line":109,"column":10},"end":{"line":109,"column":21}},{"start":{"line":109,"column":25},"end":{"line":109,"column":39}},{"start":{"line":109,"column":43},"end":{"line":109,"column":63}}]},"30":{"loc":{"start":{"line":115,"column":6},"end":{"line":122,"column":null}},"type":"if","locations":[{"start":{"line":115,"column":6},"end":{"line":122,"column":null}}]},"31":{"loc":{"start":{"line":116,"column":8},"end":{"line":121,"column":null}},"type":"if","locations":[{"start":{"line":116,"column":8},"end":{"line":121,"column":null}},{"start":{"line":119,"column":13},"end":{"line":121,"column":null}}]},"32":{"loc":{"start":{"line":116,"column":12},"end":{"line":116,"column":37}},"type":"binary-expr","locations":[{"start":{"line":116,"column":12},"end":{"line":116,"column":18}},{"start":{"line":116,"column":22},"end":{"line":116,"column":37}}]},"33":{"loc":{"start":{"line":125,"column":6},"end":{"line":127,"column":null}},"type":"if","locations":[{"start":{"line":125,"column":6},"end":{"line":127,"column":null}}]},"34":{"loc":{"start":{"line":125,"column":10},"end":{"line":125,"column":28}},"type":"binary-expr","locations":[{"start":{"line":125,"column":10},"end":{"line":125,"column":18}},{"start":{"line":125,"column":22},"end":{"line":125,"column":28}}]},"35":{"loc":{"start":{"line":128,"column":6},"end":{"line":130,"column":null}},"type":"if","locations":[{"start":{"line":128,"column":6},"end":{"line":130,"column":null}}]},"36":{"loc":{"start":{"line":140,"column":2},"end":{"line":144,"column":null}},"type":"if","locations":[{"start":{"line":140,"column":2},"end":{"line":144,"column":null}}]}},"s":{"0":2,"1":2,"2":564,"3":2,"4":37,"5":37,"6":37,"7":37,"8":37,"9":37,"10":37,"11":37,"12":37,"13":37,"14":37,"15":37,"16":37,"17":0,"18":37,"19":0,"20":37,"21":1,"22":36,"23":36,"24":36,"25":36,"26":36,"27":44,"28":44,"29":44,"30":44,"31":0,"32":0,"33":44,"34":12,"35":44,"36":96,"37":96,"38":96,"39":96,"40":96,"41":52,"42":44,"43":96,"44":44,"45":44,"46":44,"47":52,"48":11,"49":11,"50":11,"51":11,"52":41,"53":1,"54":1,"55":1,"56":1,"57":40,"58":40,"59":1,"60":40,"61":40,"62":10,"63":4,"64":6,"65":40,"66":40,"67":4,"68":40,"69":0,"70":40,"71":40,"72":40,"73":36,"74":36,"75":4,"76":12,"77":36},"f":{"0":188,"1":37,"2":12},"b":{"0":[36,36,0],"1":[0],"2":[0,0,0,0,0],"3":[36,0],"4":[37,0],"5":[37,37],"6":[34,3],"7":[20,17],"8":[28,9],"9":[26,11],"10":[0,37],"11":[4,33],"12":[11,26],"13":[0],"14":[0],"15":[1],"16":[0,44],"17":[12],"18":[51,45],"19":[96,88],"20":[5,40],"21":[45,8],"22":[14,26],"23":[40,37,26],"24":[52,44],"25":[44,52],"26":[11,41],"27":[1],"28":[1],"29":[40,33,20],"30":[10],"31":[4,6],"32":[10,4],"33":[4],"34":[40,37],"35":[0],"36":[4]}}
}
