{"/Users/zane/playground/wrap-text-plus/src/cli/wrap.mjs": {"path":"/Users/zane/playground/wrap-text-plus/src/cli/wrap.mjs","statementMap":{"0":{"start":{"line":1,"column":0},"end":{"line":1,"column":null}},"1":{"start":{"line":3,"column":0},"end":{"line":3,"column":null}},"2":{"start":{"line":4,"column":0},"end":{"line":4,"column":null}},"3":{"start":{"line":6,"column":0},"end":{"line":6,"column":44}},"4":{"start":{"line":6,"column":44},"end":{"line":6,"column":null}},"5":{"start":{"line":8,"column":16},"end":{"line":41,"column":1}},"6":{"start":{"line":43,"column":10},"end":{"line":43,"column":13}},"7":{"start":{"line":43,"column":10},"end":{"line":113,"column":null}},"8":{"start":{"line":43,"column":13},"end":{"line":43,"column":null}},"9":{"start":{"line":43,"column":13},"end":{"line":110,"column":null}},"10":{"start":{"line":43,"column":13},"end":{"line":47,"column":null}},"11":{"start":{"line":49,"column":8},"end":{"line":49,"column":null}},"12":{"start":{"line":51,"column":8},"end":{"line":51,"column":null}},"13":{"start":{"line":52,"column":8},"end":{"line":52,"column":null}},"14":{"start":{"line":53,"column":8},"end":{"line":53,"column":null}},"15":{"start":{"line":54,"column":8},"end":{"line":54,"column":null}},"16":{"start":{"line":55,"column":20},"end":{"line":55,"column":58}},"17":{"start":{"line":55,"column":53},"end":{"line":57,"column":null}},"18":{"start":{"line":57,"column":25},"end":{"line":57,"column":null}},"19":{"start":{"line":58,"column":10},"end":{"line":58,"column":null}},"20":{"start":{"line":59,"column":10},"end":{"line":59,"column":null}},"21":{"start":{"line":61,"column":10},"end":{"line":61,"column":null}},"22":{"start":{"line":62,"column":4},"end":{"line":62,"column":null}},"23":{"start":{"line":62,"column":31},"end":{"line":64,"column":null}},"24":{"start":{"line":67,"column":8},"end":{"line":67,"column":null}},"25":{"start":{"line":67,"column":87},"end":{"line":69,"column":null}},"26":{"start":{"line":69,"column":29},"end":{"line":69,"column":null}},"27":{"start":{"line":69,"column":29},"end":{"line":71,"column":null}},"28":{"start":{"line":71,"column":12},"end":{"line":71,"column":29}},"29":{"start":{"line":72,"column":12},"end":{"line":72,"column":null}},"30":{"start":{"line":73,"column":6},"end":{"line":73,"column":null}},"31":{"start":{"line":73,"column":35},"end":{"line":74,"column":null}},"32":{"start":{"line":74,"column":14},"end":{"line":74,"column":null}},"33":{"start":{"line":74,"column":14},"end":{"line":77,"column":null}},"34":{"start":{"line":77,"column":29},"end":{"line":77,"column":null}},"35":{"start":{"line":78,"column":8},"end":{"line":78,"column":null}},"36":{"start":{"line":78,"column":65},"end":{"line":79,"column":null}},"37":{"start":{"line":82,"column":8},"end":{"line":82,"column":null}},"38":{"start":{"line":82,"column":81},"end":{"line":83,"column":null}},"39":{"start":{"line":83,"column":17},"end":{"line":83,"column":null}},"40":{"start":{"line":83,"column":17},"end":{"line":103,"column":null}},"41":{"start":{"line":90,"column":19},"end":{"line":90,"column":21}},"42":{"start":{"line":92,"column":8},"end":{"line":92,"column":null}},"43":{"start":{"line":94,"column":8},"end":{"line":96,"column":null}},"44":{"start":{"line":95,"column":10},"end":{"line":95,"column":null}},"45":{"start":{"line":98,"column":8},"end":{"line":100,"column":null}},"46":{"start":{"line":99,"column":10},"end":{"line":99,"column":null}},"47":{"start":{"line":102,"column":8},"end":{"line":102,"column":null}},"48":{"start":{"line":89,"column":12},"end":{"line":89,"column":26}},"49":{"start":{"line":104,"column":12},"end":{"line":104,"column":null}},"50":{"start":{"line":105,"column":6},"end":{"line":105,"column":null}},"51":{"start":{"line":105,"column":35},"end":{"line":106,"column":null}},"52":{"start":{"line":106,"column":14},"end":{"line":106,"column":null}},"53":{"start":{"line":109,"column":6},"end":{"line":109,"column":null}},"54":{"start":{"line":109,"column":82},"end":{"line":110,"column":null}},"55":{"start":{"line":110,"column":15},"end":{"line":110,"column":null}},"56":{"start":{"line":113,"column":1},"end":{"line":43,"column":13}}},"fnMap":{"0":{"name":"_getRequireWildcardCache","decl":{"start":{"line":6,"column":44},"end":{"line":6,"column":null}},"loc":{"start":{"line":6,"column":44},"end":{"line":6,"column":null}}},"1":{"name":"(anonymous_3)","decl":{"start":{"line":43,"column":10},"end":{"line":43,"column":13}},"loc":{"start":{"line":43,"column":10},"end":{"line":43,"column":13}}},"2":{"name":"_callee","decl":{"start":{"line":43,"column":13},"end":{"line":43,"column":null}},"loc":{"start":{"line":43,"column":13},"end":{"line":110,"column":null}}},"3":{"name":"(anonymous_6)","decl":{"start":{"line":89,"column":38},"end":{"line":89,"column":47}},"loc":{"start":{"line":89,"column":64},"end":{"line":103,"column":7}}},"4":{"name":"(anonymous_7)","decl":{"start":{"line":94,"column":25},"end":{"line":94,"column":34}},"loc":{"start":{"line":94,"column":41},"end":{"line":96,"column":9}}},"5":{"name":"(anonymous_8)","decl":{"start":{"line":98,"column":24},"end":{"line":98,"column":35}},"loc":{"start":{"line":98,"column":35},"end":{"line":100,"column":9}}},"6":{"name":"wrap","decl":{"start":{"line":43,"column":6},"end":{"line":43,"column":10}},"loc":{"start":{"line":43,"column":10},"end":{"line":43,"column":13}}}},"branchMap":{"0":{"loc":{"start":{"line":6,"column":44},"end":{"line":6,"column":null}},"type":"if","locations":[{"start":{"line":6,"column":44},"end":{"line":6,"column":null}}]},"1":{"loc":{"start":{"line":6,"column":44},"end":{"line":6,"column":null}},"type":"cond-expr","locations":[{"start":{"line":6,"column":44},"end":{"line":6,"column":null}},{"start":{"line":6,"column":44},"end":{"line":6,"column":null}}]},"2":{"loc":{"start":{"line":6,"column":44},"end":{"line":6,"column":null}},"type":"binary-expr","locations":[{"start":{"line":6,"column":44},"end":{"line":6,"column":null}},{"start":{"line":6,"column":44},"end":{"line":6,"column":null}},{"start":{"line":6,"column":44},"end":{"line":6,"column":null}}]},"3":{"loc":{"start":{"line":43,"column":13},"end":{"line":110,"column":null}},"type":"switch","locations":[{"start":{"line":43,"column":13},"end":{"line":64,"column":null}},{"start":{"line":64,"column":12},"end":{"line":71,"column":null}},{"start":{"line":71,"column":74},"end":{"line":74,"column":null}},{"start":{"line":74,"column":14},"end":{"line":79,"column":null}},{"start":{"line":79,"column":16},"end":{"line":83,"column":null}},{"start":{"line":83,"column":17},"end":{"line":83,"column":null}},{"start":{"line":83,"column":17},"end":{"line":103,"column":null}},{"start":{"line":103,"column":8},"end":{"line":106,"column":null}},{"start":{"line":106,"column":14},"end":{"line":110,"column":null}},{"start":{"line":110,"column":15},"end":{"line":110,"column":null}},{"start":{"line":110,"column":15},"end":{"line":110,"column":null}}]},"4":{"loc":{"start":{"line":43,"column":13},"end":{"line":48,"column":6}},"type":"cond-expr","locations":[{"start":{"line":43,"column":13},"end":{"line":43,"column":null}},{"start":{"line":48,"column":4},"end":{"line":48,"column":6}}]},"5":{"loc":{"start":{"line":43,"column":13},"end":{"line":43,"column":null}},"type":"binary-expr","locations":[{"start":{"line":43,"column":13},"end":{"line":43,"column":null}},{"start":{"line":43,"column":13},"end":{"line":43,"column":null}}]},"6":{"loc":{"start":{"line":44,"column":6},"end":{"line":44,"column":null}},"type":"cond-expr","locations":[{"start":{"line":44,"column":9},"end":{"line":44,"column":21}},{"start":{"line":44,"column":21},"end":{"line":44,"column":null}}]},"7":{"loc":{"start":{"line":45,"column":8},"end":{"line":45,"column":null}},"type":"cond-expr","locations":[{"start":{"line":45,"column":11},"end":{"line":45,"column":25}},{"start":{"line":45,"column":25},"end":{"line":45,"column":null}}]},"8":{"loc":{"start":{"line":46,"column":7},"end":{"line":46,"column":null}},"type":"cond-expr","locations":[{"start":{"line":46,"column":10},"end":{"line":46,"column":23}},{"start":{"line":46,"column":23},"end":{"line":46,"column":null}}]},"9":{"loc":{"start":{"line":47,"column":8},"end":{"line":47,"column":null}},"type":"cond-expr","locations":[{"start":{"line":47,"column":11},"end":{"line":47,"column":25}},{"start":{"line":47,"column":25},"end":{"line":47,"column":null}}]},"10":{"loc":{"start":{"line":55,"column":53},"end":{"line":57,"column":null}},"type":"if","locations":[{"start":{"line":55,"column":53},"end":{"line":57,"column":null}}]},"11":{"loc":{"start":{"line":67,"column":87},"end":{"line":69,"column":null}},"type":"if","locations":[{"start":{"line":67,"column":87},"end":{"line":69,"column":null}}]},"12":{"loc":{"start":{"line":74,"column":14},"end":{"line":77,"column":null}},"type":"if","locations":[{"start":{"line":74,"column":14},"end":{"line":77,"column":null}}]}},"s":{"0":1,"1":1,"2":1,"3":1,"4":106,"5":1,"6":4,"7":1,"8":3,"9":21,"10":3,"11":3,"12":3,"13":3,"14":3,"15":3,"16":3,"17":3,"18":4,"19":1,"20":1,"21":1,"22":1,"23":1,"24":2,"25":2,"26":4,"27":2,"28":1,"29":1,"30":1,"31":1,"32":2,"33":1,"34":0,"35":1,"36":1,"37":0,"38":0,"39":0,"40":0,"41":0,"42":0,"43":0,"44":0,"45":0,"46":0,"47":0,"48":0,"49":0,"50":0,"51":0,"52":0,"53":0,"54":0,"55":3,"56":1},"f":{"0":3,"1":1,"2":11,"3":0,"4":0,"5":0,"6":3},"b":{"0":[31],"1":[65,66],"2":[33,33,32],"3":[3,2,1,1,0,0,0,0,0,0,3],"4":[3,0],"5":[3,3],"6":[0,3],"7":[0,3],"8":[3,0],"9":[0,3],"10":[2],"11":[0],"12":[0]}}
,"/Users/zane/playground/wrap-text-plus/src/lib/get-base-width.mjs": {"path":"/Users/zane/playground/wrap-text-plus/src/lib/get-base-width.mjs","statementMap":{"0":{"start":{"line":1,"column":19},"end":{"line":1,"column":24}},"1":{"start":{"line":3,"column":18},"end":{"line":18,"column":1}},"2":{"start":{"line":4,"column":23},"end":{"line":4,"column":45}},"3":{"start":{"line":6,"column":2},"end":{"line":17,"column":null}},"4":{"start":{"line":7,"column":4},"end":{"line":7,"column":null}},"5":{"start":{"line":9,"column":7},"end":{"line":17,"column":null}},"6":{"start":{"line":10,"column":4},"end":{"line":10,"column":null}},"7":{"start":{"line":12,"column":7},"end":{"line":17,"column":null}},"8":{"start":{"line":13,"column":4},"end":{"line":13,"column":null}},"9":{"start":{"line":16,"column":4},"end":{"line":16,"column":null}}},"fnMap":{"0":{"name":"getBaseWidth","decl":{"start":{"line":3,"column":6},"end":{"line":3,"column":18}},"loc":{"start":{"line":3,"column":41},"end":{"line":18,"column":1}}}},"branchMap":{"0":{"loc":{"start":{"line":6,"column":2},"end":{"line":17,"column":null}},"type":"if","locations":[{"start":{"line":6,"column":2},"end":{"line":17,"column":null}},{"start":{"line":9,"column":7},"end":{"line":17,"column":null}}]},"1":{"loc":{"start":{"line":7,"column":11},"end":{"line":7,"column":42}},"type":"binary-expr","locations":[{"start":{"line":7,"column":11},"end":{"line":7,"column":25}},{"start":{"line":7,"column":29},"end":{"line":7,"column":42}}]},"2":{"loc":{"start":{"line":9,"column":7},"end":{"line":17,"column":null}},"type":"if","locations":[{"start":{"line":9,"column":7},"end":{"line":17,"column":null}},{"start":{"line":12,"column":7},"end":{"line":17,"column":null}}]},"3":{"loc":{"start":{"line":10,"column":11},"end":{"line":10,"column":40}},"type":"binary-expr","locations":[{"start":{"line":10,"column":11},"end":{"line":10,"column":23}},{"start":{"line":10,"column":27},"end":{"line":10,"column":40}}]},"4":{"loc":{"start":{"line":12,"column":7},"end":{"line":17,"column":null}},"type":"if","locations":[{"start":{"line":12,"column":7},"end":{"line":17,"column":null}},{"start":{"line":15,"column":7},"end":{"line":17,"column":null}}]},"5":{"loc":{"start":{"line":12,"column":11},"end":{"line":12,"column":64}},"type":"binary-expr","locations":[{"start":{"line":12,"column":11},"end":{"line":12,"column":31}},{"start":{"line":12,"column":35},"end":{"line":12,"column":64}}]}},"s":{"0":3,"1":3,"2":44,"3":44,"4":38,"5":6,"6":1,"7":5,"8":3,"9":2},"f":{"0":44},"b":{"0":[38,6],"1":[38,2],"2":[1,5],"3":[1,0],"4":[3,2],"5":[5,4]}}
,"/Users/zane/playground/wrap-text-plus/src/lib/get-effective-width.mjs": {"path":"/Users/zane/playground/wrap-text-plus/src/lib/get-effective-width.mjs","statementMap":{"0":{"start":{"line":1,"column":0},"end":{"line":1,"column":null}},"1":{"start":{"line":3,"column":20},"end":{"line":3,"column":36}},"2":{"start":{"line":7,"column":23},"end":{"line":61,"column":1}},"3":{"start":{"line":7,"column":33},"end":{"line":7,"column":32}},"4":{"start":{"line":7,"column":40},"end":{"line":7,"column":39}},"5":{"start":{"line":7,"column":40},"end":{"line":7,"column":48}},"6":{"start":{"line":7,"column":48},"end":{"line":7,"column":54}},"7":{"start":{"line":7,"column":52},"end":{"line":7,"column":64}},"8":{"start":{"line":7,"column":64},"end":{"line":7,"column":79}},"9":{"start":{"line":8,"column":2},"end":{"line":8,"column":25}},"10":{"start":{"line":9,"column":18},"end":{"line":9,"column":19}},"11":{"start":{"line":10,"column":23},"end":{"line":10,"column":24}},"12":{"start":{"line":11,"column":17},"end":{"line":11,"column":18}},"13":{"start":{"line":12,"column":16},"end":{"line":12,"column":18}},"14":{"start":{"line":13,"column":15},"end":{"line":13,"column":16}},"15":{"start":{"line":15,"column":2},"end":{"line":46,"column":null}},"16":{"start":{"line":16,"column":17},"end":{"line":16,"column":36}},"17":{"start":{"line":17,"column":4},"end":{"line":24,"column":null}},"18":{"start":{"line":18,"column":20},"end":{"line":18,"column":49}},"19":{"start":{"line":19,"column":32},"end":{"line":19,"column":43}},"20":{"start":{"line":20,"column":38},"end":{"line":20,"column":62}},"21":{"start":{"line":21,"column":6},"end":{"line":21,"column":null}},"22":{"start":{"line":22,"column":6},"end":{"line":22,"column":null}},"23":{"start":{"line":23,"column":6},"end":{"line":23,"column":null}},"24":{"start":{"line":26,"column":4},"end":{"line":45,"column":null}},"25":{"start":{"line":27,"column":6},"end":{"line":36,"column":null}},"26":{"start":{"line":28,"column":8},"end":{"line":28,"column":null}},"27":{"start":{"line":29,"column":8},"end":{"line":29,"column":null}},"28":{"start":{"line":31,"column":11},"end":{"line":36,"column":null}},"29":{"start":{"line":33,"column":8},"end":{"line":33,"column":23}},"30":{"start":{"line":34,"column":8},"end":{"line":34,"column":29}},"31":{"start":{"line":35,"column":8},"end":{"line":35,"column":null}},"32":{"start":{"line":39,"column":6},"end":{"line":44,"column":null}},"33":{"start":{"line":40,"column":8},"end":{"line":40,"column":null}},"34":{"start":{"line":43,"column":8},"end":{"line":43,"column":null}},"35":{"start":{"line":47,"column":2},"end":{"line":52,"column":null}},"36":{"start":{"line":48,"column":32},"end":{"line":48,"column":61}},"37":{"start":{"line":48,"column":61},"end":{"line":48,"column":null}},"38":{"start":{"line":48,"column":28},"end":{"line":48,"column":32}},"39":{"start":{"line":49,"column":36},"end":{"line":49,"column":60}},"40":{"start":{"line":50,"column":4},"end":{"line":50,"column":null}},"41":{"start":{"line":51,"column":4},"end":{"line":51,"column":null}},"42":{"start":{"line":53,"column":2},"end":{"line":58,"column":null}},"43":{"start":{"line":54,"column":4},"end":{"line":54,"column":null}},"44":{"start":{"line":55,"column":4},"end":{"line":57,"column":null}},"45":{"start":{"line":56,"column":6},"end":{"line":56,"column":null}},"46":{"start":{"line":60,"column":2},"end":{"line":60,"column":null}}},"fnMap":{"0":{"name":"getEffectiveWidth","decl":{"start":{"line":7,"column":6},"end":{"line":7,"column":23}},"loc":{"start":{"line":7,"column":79},"end":{"line":61,"column":1}}}},"branchMap":{"0":{"loc":{"start":{"line":7,"column":48},"end":{"line":7,"column":54}},"type":"cond-expr","locations":[{"start":{"line":7,"column":51},"end":{"line":7,"column":52}},{"start":{"line":7,"column":52},"end":{"line":7,"column":54}}]},"1":{"loc":{"start":{"line":7,"column":64},"end":{"line":7,"column":79}},"type":"cond-expr","locations":[{"start":{"line":7,"column":67},"end":{"line":7,"column":72}},{"start":{"line":7,"column":72},"end":{"line":7,"column":79}}]},"2":{"loc":{"start":{"line":15,"column":9},"end":{"line":15,"column":50}},"type":"binary-expr","locations":[{"start":{"line":15,"column":9},"end":{"line":15,"column":29}},{"start":{"line":15,"column":33},"end":{"line":15,"column":50}}]},"3":{"loc":{"start":{"line":17,"column":4},"end":{"line":24,"column":null}},"type":"if","locations":[{"start":{"line":17,"column":4},"end":{"line":24,"column":null}}]},"4":{"loc":{"start":{"line":26,"column":4},"end":{"line":45,"column":null}},"type":"if","locations":[{"start":{"line":26,"column":4},"end":{"line":45,"column":null}},{"start":{"line":38,"column":9},"end":{"line":45,"column":null}}]},"5":{"loc":{"start":{"line":26,"column":8},"end":{"line":26,"column":43}},"type":"binary-expr","locations":[{"start":{"line":26,"column":8},"end":{"line":26,"column":27}},{"start":{"line":26,"column":31},"end":{"line":26,"column":43}}]},"6":{"loc":{"start":{"line":27,"column":6},"end":{"line":36,"column":null}},"type":"if","locations":[{"start":{"line":27,"column":6},"end":{"line":36,"column":null}},{"start":{"line":31,"column":11},"end":{"line":36,"column":null}}]},"7":{"loc":{"start":{"line":31,"column":11},"end":{"line":36,"column":null}},"type":"if","locations":[{"start":{"line":31,"column":11},"end":{"line":36,"column":null}}]},"8":{"loc":{"start":{"line":39,"column":6},"end":{"line":44,"column":null}},"type":"if","locations":[{"start":{"line":39,"column":6},"end":{"line":44,"column":null}},{"start":{"line":42,"column":11},"end":{"line":44,"column":null}}]},"9":{"loc":{"start":{"line":39,"column":10},"end":{"line":39,"column":45}},"type":"binary-expr","locations":[{"start":{"line":39,"column":10},"end":{"line":39,"column":29}},{"start":{"line":39,"column":33},"end":{"line":39,"column":45}}]},"10":{"loc":{"start":{"line":47,"column":2},"end":{"line":52,"column":null}},"type":"if","locations":[{"start":{"line":47,"column":2},"end":{"line":52,"column":null}}]},"11":{"loc":{"start":{"line":53,"column":2},"end":{"line":58,"column":null}},"type":"if","locations":[{"start":{"line":53,"column":2},"end":{"line":58,"column":null}}]},"12":{"loc":{"start":{"line":53,"column":6},"end":{"line":53,"column":41}},"type":"binary-expr","locations":[{"start":{"line":53,"column":6},"end":{"line":53,"column":25}},{"start":{"line":53,"column":29},"end":{"line":53,"column":41}}]},"13":{"loc":{"start":{"line":55,"column":4},"end":{"line":57,"column":null}},"type":"if","locations":[{"start":{"line":55,"column":4},"end":{"line":57,"column":null}}]}},"s":{"0":3,"1":3,"2":3,"3":114,"4":114,"5":114,"6":114,"7":114,"8":114,"9":114,"10":114,"11":114,"12":114,"13":114,"14":114,"15":114,"16":693,"17":693,"18":5,"19":5,"20":5,"21":5,"22":5,"23":5,"24":688,"25":102,"26":23,"27":23,"28":79,"29":3,"30":3,"31":3,"32":586,"33":27,"34":559,"35":114,"36":2,"37":2,"38":2,"39":2,"40":2,"41":2,"42":114,"43":1,"44":1,"45":1,"46":113},"f":{"0":114},"b":{"0":[16,98],"1":[5,109],"2":[807,760],"3":[5],"4":[102,586],"5":[688,387],"6":[23,79],"7":[3],"8":[27,559],"9":[586,285],"10":[2],"11":[1],"12":[114,65],"13":[1]}}
,"/Users/zane/playground/wrap-text-plus/src/lib/wrap.mjs": {"path":"/Users/zane/playground/wrap-text-plus/src/lib/wrap.mjs","statementMap":{"0":{"start":{"line":1,"column":0},"end":{"line":1,"column":null}},"1":{"start":{"line":2,"column":0},"end":{"line":2,"column":57}},"2":{"start":{"line":2,"column":57},"end":{"line":2,"column":null}},"3":{"start":{"line":29,"column":10},"end":{"line":150,"column":1}},"4":{"start":{"line":36,"column":11},"end":{"line":36,"column":6}},"5":{"start":{"line":36,"column":6},"end":{"line":30,"column":15}},"6":{"start":{"line":30,"column":15},"end":{"line":30,"column":null}},"7":{"start":{"line":30,"column":19},"end":{"line":31,"column":12}},"8":{"start":{"line":31,"column":12},"end":{"line":31,"column":null}},"9":{"start":{"line":31,"column":20},"end":{"line":32,"column":8}},"10":{"start":{"line":32,"column":8},"end":{"line":32,"column":null}},"11":{"start":{"line":33,"column":8},"end":{"line":33,"column":7}},"12":{"start":{"line":33,"column":8},"end":{"line":34,"column":13}},"13":{"start":{"line":34,"column":13},"end":{"line":34,"column":null}},"14":{"start":{"line":35,"column":7},"end":{"line":35,"column":6}},"15":{"start":{"line":37,"column":28},"end":{"line":37,"column":116}},"16":{"start":{"line":38,"column":2},"end":{"line":40,"column":null}},"17":{"start":{"line":39,"column":4},"end":{"line":39,"column":null}},"18":{"start":{"line":42,"column":2},"end":{"line":42,"column":null}},"19":{"start":{"line":42,"column":13},"end":{"line":42,"column":null}},"20":{"start":{"line":44,"column":2},"end":{"line":46,"column":null}},"21":{"start":{"line":45,"column":4},"end":{"line":45,"column":null}},"22":{"start":{"line":48,"column":2},"end":{"line":48,"column":null}},"23":{"start":{"line":50,"column":16},"end":{"line":50,"column":18}},"24":{"start":{"line":50,"column":18},"end":{"line":52,"column":68}},"25":{"start":{"line":52,"column":46},"end":{"line":52,"column":66}},"26":{"start":{"line":52,"column":66},"end":{"line":139,"column":null}},"27":{"start":{"line":52,"column":2},"end":{"line":139,"column":3}},"28":{"start":{"line":52,"column":16},"end":{"line":52,"column":20}},"29":{"start":{"line":53,"column":16},"end":{"line":53,"column":20}},"30":{"start":{"line":54,"column":17},"end":{"line":54,"column":18}},"31":{"start":{"line":56,"column":4},"end":{"line":63,"column":null}},"32":{"start":{"line":57,"column":6},"end":{"line":57,"column":null}},"33":{"start":{"line":58,"column":6},"end":{"line":58,"column":null}},"34":{"start":{"line":60,"column":9},"end":{"line":63,"column":null}},"35":{"start":{"line":62,"column":6},"end":{"line":62,"column":null}},"36":{"start":{"line":67,"column":4},"end":{"line":138,"column":5}},"37":{"start":{"line":69,"column":30},"end":{"line":75,"column":15}},"38":{"start":{"line":76,"column":23},"end":{"line":76,"column":24}},"39":{"start":{"line":77,"column":6},"end":{"line":83,"column":null}},"40":{"start":{"line":79,"column":8},"end":{"line":79,"column":null}},"41":{"start":{"line":82,"column":8},"end":{"line":82,"column":null}},"42":{"start":{"line":84,"column":17},"end":{"line":84,"column":97}},"43":{"start":{"line":85,"column":19},"end":{"line":85,"column":46}},"44":{"start":{"line":87,"column":6},"end":{"line":106,"column":null}},"45":{"start":{"line":88,"column":8},"end":{"line":88,"column":null}},"46":{"start":{"line":89,"column":8},"end":{"line":89,"column":null}},"47":{"start":{"line":91,"column":8},"end":{"line":91,"column":13}},"48":{"start":{"line":93,"column":11},"end":{"line":106,"column":null}},"49":{"start":{"line":94,"column":8},"end":{"line":94,"column":null}},"50":{"start":{"line":95,"column":8},"end":{"line":95,"column":null}},"51":{"start":{"line":96,"column":8},"end":{"line":96,"column":null}},"52":{"start":{"line":98,"column":8},"end":{"line":98,"column":null}},"53":{"start":{"line":100,"column":11},"end":{"line":106,"column":null}},"54":{"start":{"line":101,"column":8},"end":{"line":101,"column":null}},"55":{"start":{"line":102,"column":8},"end":{"line":102,"column":null}},"56":{"start":{"line":103,"column":8},"end":{"line":103,"column":null}},"57":{"start":{"line":105,"column":8},"end":{"line":105,"column":null}},"58":{"start":{"line":109,"column":19},"end":{"line":109,"column":45}},"59":{"start":{"line":110,"column":6},"end":{"line":113,"column":null}},"60":{"start":{"line":112,"column":8},"end":{"line":112,"column":null}},"61":{"start":{"line":115,"column":18},"end":{"line":115,"column":44}},"62":{"start":{"line":116,"column":6},"end":{"line":123,"column":null}},"63":{"start":{"line":117,"column":8},"end":{"line":122,"column":null}},"64":{"start":{"line":118,"column":10},"end":{"line":118,"column":null}},"65":{"start":{"line":121,"column":10},"end":{"line":121,"column":null}},"66":{"start":{"line":125,"column":14},"end":{"line":125,"column":37}},"67":{"start":{"line":126,"column":6},"end":{"line":128,"column":null}},"68":{"start":{"line":127,"column":8},"end":{"line":127,"column":null}},"69":{"start":{"line":129,"column":6},"end":{"line":131,"column":null}},"70":{"start":{"line":130,"column":8},"end":{"line":130,"column":null}},"71":{"start":{"line":133,"column":6},"end":{"line":133,"column":null}},"72":{"start":{"line":135,"column":6},"end":{"line":135,"column":null}},"73":{"start":{"line":137,"column":6},"end":{"line":137,"column":null}},"74":{"start":{"line":139,"column":4},"end":{"line":139,"column":null}},"75":{"start":{"line":141,"column":2},"end":{"line":147,"column":null}},"76":{"start":{"line":142,"column":4},"end":{"line":146,"column":null}},"77":{"start":{"line":143,"column":6},"end":{"line":145,"column":null}},"78":{"start":{"line":144,"column":8},"end":{"line":144,"column":null}},"79":{"start":{"line":149,"column":2},"end":{"line":149,"column":null}}},"fnMap":{"0":{"name":"_createForOfIteratorHelper","decl":{"start":{"line":2,"column":57},"end":{"line":2,"column":null}},"loc":{"start":{"line":2,"column":57},"end":{"line":2,"column":null}}},"1":{"name":"wrap","decl":{"start":{"line":29,"column":6},"end":{"line":29,"column":10}},"loc":{"start":{"line":36,"column":11},"end":{"line":150,"column":1}}},"2":{"name":"(anonymous_11)","decl":{"start":{"line":52,"column":41},"end":{"line":52,"column":42}},"loc":{"start":{"line":52,"column":46},"end":{"line":52,"column":66}}},"3":{"name":"(anonymous_12)","decl":{"start":{"line":142,"column":18},"end":{"line":142,"column":19}},"loc":{"start":{"line":142,"column":36},"end":{"line":146,"column":5}}}},"branchMap":{"0":{"loc":{"start":{"line":2,"column":57},"end":{"line":2,"column":null}},"type":"binary-expr","locations":[{"start":{"line":2,"column":57},"end":{"line":2,"column":null}},{"start":{"line":2,"column":57},"end":{"line":2,"column":null}},{"start":{"line":2,"column":57},"end":{"line":2,"column":null}}]},"1":{"loc":{"start":{"line":2,"column":57},"end":{"line":2,"column":null}},"type":"if","locations":[{"start":{"line":2,"column":57},"end":{"line":2,"column":null}}]},"2":{"loc":{"start":{"line":2,"column":57},"end":{"line":2,"column":null}},"type":"binary-expr","locations":[{"start":{"line":2,"column":57},"end":{"line":2,"column":null}},{"start":{"line":2,"column":57},"end":{"line":2,"column":null}},{"start":{"line":2,"column":57},"end":{"line":2,"column":null}},{"start":{"line":2,"column":57},"end":{"line":2,"column":null}},{"start":{"line":2,"column":57},"end":{"line":2,"column":null}}]},"3":{"loc":{"start":{"line":2,"column":57},"end":{"line":2,"column":null}},"type":"binary-expr","locations":[{"start":{"line":2,"column":57},"end":{"line":2,"column":null}},{"start":{"line":2,"column":57},"end":{"line":2,"column":null}}]},"4":{"loc":{"start":{"line":36,"column":11},"end":{"line":36,"column":6}},"type":"cond-expr","locations":[{"start":{"line":36,"column":11},"end":{"line":36,"column":null}},{"start":{"line":36,"column":4},"end":{"line":36,"column":6}}]},"5":{"loc":{"start":{"line":36,"column":11},"end":{"line":36,"column":null}},"type":"binary-expr","locations":[{"start":{"line":36,"column":11},"end":{"line":36,"column":null}},{"start":{"line":36,"column":11},"end":{"line":36,"column":null}}]},"6":{"loc":{"start":{"line":30,"column":15},"end":{"line":30,"column":null}},"type":"cond-expr","locations":[{"start":{"line":30,"column":18},"end":{"line":30,"column":19}},{"start":{"line":30,"column":19},"end":{"line":30,"column":null}}]},"7":{"loc":{"start":{"line":31,"column":12},"end":{"line":31,"column":null}},"type":"cond-expr","locations":[{"start":{"line":31,"column":15},"end":{"line":31,"column":20}},{"start":{"line":31,"column":20},"end":{"line":31,"column":null}}]},"8":{"loc":{"start":{"line":32,"column":8},"end":{"line":32,"column":null}},"type":"cond-expr","locations":[{"start":{"line":32,"column":11},"end":{"line":32,"column":12}},{"start":{"line":32,"column":12},"end":{"line":32,"column":null}}]},"9":{"loc":{"start":{"line":34,"column":13},"end":{"line":34,"column":null}},"type":"cond-expr","locations":[{"start":{"line":34,"column":16},"end":{"line":34,"column":21}},{"start":{"line":34,"column":21},"end":{"line":34,"column":null}}]},"10":{"loc":{"start":{"line":37,"column":29},"end":{"line":37,"column":59}},"type":"cond-expr","locations":[{"start":{"line":37,"column":54},"end":{"line":37,"column":55}},{"start":{"line":37,"column":58},"end":{"line":37,"column":59}}]},"11":{"loc":{"start":{"line":37,"column":64},"end":{"line":37,"column":82}},"type":"cond-expr","locations":[{"start":{"line":37,"column":77},"end":{"line":37,"column":78}},{"start":{"line":37,"column":81},"end":{"line":37,"column":82}}]},"12":{"loc":{"start":{"line":37,"column":87},"end":{"line":37,"column":115}},"type":"cond-expr","locations":[{"start":{"line":37,"column":110},"end":{"line":37,"column":111}},{"start":{"line":37,"column":114},"end":{"line":37,"column":115}}]},"13":{"loc":{"start":{"line":38,"column":2},"end":{"line":40,"column":null}},"type":"if","locations":[{"start":{"line":38,"column":2},"end":{"line":40,"column":null}}]},"14":{"loc":{"start":{"line":42,"column":2},"end":{"line":42,"column":null}},"type":"if","locations":[{"start":{"line":42,"column":2},"end":{"line":42,"column":null}}]},"15":{"loc":{"start":{"line":44,"column":2},"end":{"line":46,"column":null}},"type":"if","locations":[{"start":{"line":44,"column":2},"end":{"line":46,"column":null}}]},"16":{"loc":{"start":{"line":56,"column":4},"end":{"line":63,"column":null}},"type":"if","locations":[{"start":{"line":56,"column":4},"end":{"line":63,"column":null}},{"start":{"line":60,"column":9},"end":{"line":63,"column":null}}]},"17":{"loc":{"start":{"line":60,"column":9},"end":{"line":63,"column":null}},"type":"if","locations":[{"start":{"line":60,"column":9},"end":{"line":63,"column":null}}]},"18":{"loc":{"start":{"line":69,"column":30},"end":{"line":75,"column":15}},"type":"cond-expr","locations":[{"start":{"line":70,"column":10},"end":{"line":70,"column":16}},{"start":{"line":71,"column":10},"end":{"line":75,"column":15}}]},"19":{"loc":{"start":{"line":69,"column":30},"end":{"line":69,"column":60}},"type":"binary-expr","locations":[{"start":{"line":69,"column":30},"end":{"line":69,"column":44}},{"start":{"line":69,"column":48},"end":{"line":69,"column":60}}]},"20":{"loc":{"start":{"line":71,"column":10},"end":{"line":75,"column":15}},"type":"cond-expr","locations":[{"start":{"line":72,"column":12},"end":{"line":72,"column":25}},{"start":{"line":73,"column":12},"end":{"line":75,"column":15}}]},"21":{"loc":{"start":{"line":71,"column":10},"end":{"line":71,"column":33}},"type":"binary-expr","locations":[{"start":{"line":71,"column":10},"end":{"line":71,"column":23}},{"start":{"line":71,"column":27},"end":{"line":71,"column":33}}]},"22":{"loc":{"start":{"line":73,"column":12},"end":{"line":75,"column":15}},"type":"cond-expr","locations":[{"start":{"line":74,"column":14},"end":{"line":74,"column":20}},{"start":{"line":75,"column":14},"end":{"line":75,"column":15}}]},"23":{"loc":{"start":{"line":73,"column":12},"end":{"line":73,"column":47}},"type":"binary-expr","locations":[{"start":{"line":73,"column":12},"end":{"line":73,"column":23}},{"start":{"line":73,"column":27},"end":{"line":73,"column":37}},{"start":{"line":73,"column":41},"end":{"line":73,"column":47}}]},"24":{"loc":{"start":{"line":77,"column":6},"end":{"line":83,"column":null}},"type":"if","locations":[{"start":{"line":77,"column":6},"end":{"line":83,"column":null}},{"start":{"line":81,"column":11},"end":{"line":83,"column":null}}]},"25":{"loc":{"start":{"line":87,"column":6},"end":{"line":106,"column":null}},"type":"if","locations":[{"start":{"line":87,"column":6},"end":{"line":106,"column":null}},{"start":{"line":93,"column":11},"end":{"line":106,"column":null}}]},"26":{"loc":{"start":{"line":93,"column":11},"end":{"line":106,"column":null}},"type":"if","locations":[{"start":{"line":93,"column":11},"end":{"line":106,"column":null}},{"start":{"line":100,"column":11},"end":{"line":106,"column":null}}]},"27":{"loc":{"start":{"line":100,"column":11},"end":{"line":106,"column":null}},"type":"if","locations":[{"start":{"line":100,"column":11},"end":{"line":106,"column":null}}]},"28":{"loc":{"start":{"line":110,"column":6},"end":{"line":113,"column":null}},"type":"if","locations":[{"start":{"line":110,"column":6},"end":{"line":113,"column":null}}]},"29":{"loc":{"start":{"line":110,"column":10},"end":{"line":110,"column":63}},"type":"binary-expr","locations":[{"start":{"line":110,"column":10},"end":{"line":110,"column":21}},{"start":{"line":110,"column":25},"end":{"line":110,"column":39}},{"start":{"line":110,"column":43},"end":{"line":110,"column":63}}]},"30":{"loc":{"start":{"line":116,"column":6},"end":{"line":123,"column":null}},"type":"if","locations":[{"start":{"line":116,"column":6},"end":{"line":123,"column":null}}]},"31":{"loc":{"start":{"line":117,"column":8},"end":{"line":122,"column":null}},"type":"if","locations":[{"start":{"line":117,"column":8},"end":{"line":122,"column":null}},{"start":{"line":120,"column":13},"end":{"line":122,"column":null}}]},"32":{"loc":{"start":{"line":117,"column":12},"end":{"line":117,"column":37}},"type":"binary-expr","locations":[{"start":{"line":117,"column":12},"end":{"line":117,"column":18}},{"start":{"line":117,"column":22},"end":{"line":117,"column":37}}]},"33":{"loc":{"start":{"line":126,"column":6},"end":{"line":128,"column":null}},"type":"if","locations":[{"start":{"line":126,"column":6},"end":{"line":128,"column":null}}]},"34":{"loc":{"start":{"line":126,"column":10},"end":{"line":126,"column":28}},"type":"binary-expr","locations":[{"start":{"line":126,"column":10},"end":{"line":126,"column":18}},{"start":{"line":126,"column":22},"end":{"line":126,"column":28}}]},"35":{"loc":{"start":{"line":129,"column":6},"end":{"line":131,"column":null}},"type":"if","locations":[{"start":{"line":129,"column":6},"end":{"line":131,"column":null}}]},"36":{"loc":{"start":{"line":141,"column":2},"end":{"line":147,"column":null}},"type":"if","locations":[{"start":{"line":141,"column":2},"end":{"line":147,"column":null}}]},"37":{"loc":{"start":{"line":143,"column":6},"end":{"line":145,"column":null}},"type":"if","locations":[{"start":{"line":143,"column":6},"end":{"line":145,"column":null}}]},"38":{"loc":{"start":{"line":143,"column":10},"end":{"line":143,"column":47}},"type":"binary-expr","locations":[{"start":{"line":143,"column":10},"end":{"line":143,"column":28}},{"start":{"line":143,"column":32},"end":{"line":143,"column":47}}]}},"s":{"0":2,"1":2,"2":579,"3":2,"4":38,"5":38,"6":38,"7":38,"8":38,"9":38,"10":38,"11":38,"12":38,"13":38,"14":38,"15":38,"16":38,"17":0,"18":38,"19":0,"20":38,"21":1,"22":37,"23":37,"24":37,"25":45,"26":37,"27":37,"28":45,"29":45,"30":45,"31":45,"32":0,"33":0,"34":45,"35":12,"36":45,"37":98,"38":98,"39":98,"40":53,"41":45,"42":98,"43":98,"44":98,"45":45,"46":45,"47":45,"48":53,"49":11,"50":11,"51":11,"52":11,"53":42,"54":1,"55":1,"56":1,"57":1,"58":41,"59":41,"60":1,"61":41,"62":41,"63":10,"64":4,"65":6,"66":41,"67":41,"68":4,"69":41,"70":0,"71":41,"72":41,"73":41,"74":37,"75":37,"76":4,"77":12,"78":12,"79":37},"f":{"0":193,"1":38,"2":45,"3":12},"b":{"0":[37,37,0],"1":[0],"2":[0,0,0,0,0],"3":[37,0],"4":[38,0],"5":[38,38],"6":[35,3],"7":[21,17],"8":[29,9],"9":[27,11],"10":[0,38],"11":[4,34],"12":[11,27],"13":[0],"14":[0],"15":[1],"16":[0,45],"17":[12],"18":[53,45],"19":[98,90],"20":[5,40],"21":[45,8],"22":[14,26],"23":[40,37,26],"24":[53,45],"25":[45,53],"26":[11,42],"27":[1],"28":[1],"29":[41,34,21],"30":[10],"31":[4,6],"32":[10,4],"33":[4],"34":[41,38],"35":[0],"36":[4],"37":[12],"38":[12,4]}}
}
