{"/Users/zane/.liq/playground/liquid-labs/wrap-text/src/get-effective-width.mjs": {"path":"/Users/zane/.liq/playground/liquid-labs/wrap-text/src/get-effective-width.mjs","statementMap":{"0":{"start":{"line":1,"column":20},"end":{"line":1,"column":36}},"1":{"start":{"line":5,"column":26},"end":{"line":46,"column":1}},"2":{"start":{"line":5,"column":33},"end":{"line":5,"column":32}},"3":{"start":{"line":5,"column":40},"end":{"line":5,"column":39}},"4":{"start":{"line":5,"column":40},"end":{"line":5,"column":48}},"5":{"start":{"line":5,"column":48},"end":{"line":5,"column":54}},"6":{"start":{"line":5,"column":52},"end":{"line":5,"column":64}},"7":{"start":{"line":5,"column":64},"end":{"line":5,"column":78}},"8":{"start":{"line":6,"column":2},"end":{"line":45,"column":null}},"9":{"start":{"line":6,"column":28},"end":{"line":6,"column":null}},"10":{"start":{"line":8,"column":4},"end":{"line":8,"column":27}},"11":{"start":{"line":9,"column":20},"end":{"line":9,"column":21}},"12":{"start":{"line":10,"column":19},"end":{"line":10,"column":20}},"13":{"start":{"line":11,"column":18},"end":{"line":11,"column":20}},"14":{"start":{"line":12,"column":17},"end":{"line":12,"column":18}},"15":{"start":{"line":14,"column":4},"end":{"line":36,"column":null}},"16":{"start":{"line":15,"column":19},"end":{"line":15,"column":38}},"17":{"start":{"line":16,"column":6},"end":{"line":35,"column":null}},"18":{"start":{"line":17,"column":8},"end":{"line":26,"column":null}},"19":{"start":{"line":18,"column":10},"end":{"line":18,"column":null}},"20":{"start":{"line":19,"column":10},"end":{"line":19,"column":null}},"21":{"start":{"line":21,"column":13},"end":{"line":26,"column":null}},"22":{"start":{"line":23,"column":10},"end":{"line":23,"column":25}},"23":{"start":{"line":24,"column":10},"end":{"line":24,"column":31}},"24":{"start":{"line":25,"column":10},"end":{"line":25,"column":null}},"25":{"start":{"line":29,"column":8},"end":{"line":34,"column":null}},"26":{"start":{"line":30,"column":10},"end":{"line":30,"column":null}},"27":{"start":{"line":33,"column":10},"end":{"line":33,"column":null}},"28":{"start":{"line":37,"column":4},"end":{"line":42,"column":null}},"29":{"start":{"line":38,"column":6},"end":{"line":38,"column":null}},"30":{"start":{"line":39,"column":6},"end":{"line":41,"column":null}},"31":{"start":{"line":40,"column":8},"end":{"line":40,"column":null}},"32":{"start":{"line":44,"column":4},"end":{"line":44,"column":null}},"33":{"start":{"line":46,"column":1},"end":{"line":46,"column":null}}},"fnMap":{"0":{"name":"getEffectiveWidth","decl":{"start":{"line":5,"column":6},"end":{"line":5,"column":23}},"loc":{"start":{"line":5,"column":78},"end":{"line":46,"column":1}}}},"branchMap":{"0":{"loc":{"start":{"line":5,"column":48},"end":{"line":5,"column":54}},"type":"cond-expr","locations":[{"start":{"line":5,"column":51},"end":{"line":5,"column":52}},{"start":{"line":5,"column":52},"end":{"line":5,"column":54}}]},"1":{"loc":{"start":{"line":5,"column":64},"end":{"line":5,"column":78}},"type":"cond-expr","locations":[{"start":{"line":5,"column":67},"end":{"line":5,"column":72}},{"start":{"line":5,"column":72},"end":{"line":5,"column":78}}]},"2":{"loc":{"start":{"line":6,"column":2},"end":{"line":45,"column":null}},"type":"if","locations":[{"start":{"line":6,"column":2},"end":{"line":45,"column":null}},{"start":{"line":7,"column":7},"end":{"line":45,"column":null}}]},"3":{"loc":{"start":{"line":14,"column":11},"end":{"line":14,"column":52}},"type":"binary-expr","locations":[{"start":{"line":14,"column":11},"end":{"line":14,"column":31}},{"start":{"line":14,"column":35},"end":{"line":14,"column":52}}]},"4":{"loc":{"start":{"line":16,"column":6},"end":{"line":35,"column":null}},"type":"if","locations":[{"start":{"line":16,"column":6},"end":{"line":35,"column":null}},{"start":{"line":28,"column":11},"end":{"line":35,"column":null}}]},"5":{"loc":{"start":{"line":17,"column":8},"end":{"line":26,"column":null}},"type":"if","locations":[{"start":{"line":17,"column":8},"end":{"line":26,"column":null}},{"start":{"line":21,"column":13},"end":{"line":26,"column":null}}]},"6":{"loc":{"start":{"line":21,"column":13},"end":{"line":26,"column":null}},"type":"if","locations":[{"start":{"line":21,"column":13},"end":{"line":26,"column":null}}]},"7":{"loc":{"start":{"line":29,"column":8},"end":{"line":34,"column":null}},"type":"if","locations":[{"start":{"line":29,"column":8},"end":{"line":34,"column":null}},{"start":{"line":32,"column":13},"end":{"line":34,"column":null}}]},"8":{"loc":{"start":{"line":37,"column":4},"end":{"line":42,"column":null}},"type":"if","locations":[{"start":{"line":37,"column":4},"end":{"line":42,"column":null}}]},"9":{"loc":{"start":{"line":39,"column":6},"end":{"line":41,"column":null}},"type":"if","locations":[{"start":{"line":39,"column":6},"end":{"line":41,"column":null}}]}},"s":{"0":2,"1":2,"2":77,"3":77,"4":77,"5":77,"6":77,"7":77,"8":77,"9":43,"10":34,"11":34,"12":34,"13":34,"14":34,"15":34,"16":218,"17":218,"18":56,"19":16,"20":16,"21":40,"22":0,"23":0,"24":0,"25":162,"26":16,"27":146,"28":34,"29":0,"30":0,"31":0,"32":34,"33":2},"f":{"0":77},"b":{"0":[11,66],"1":[5,72],"2":[43,34],"3":[252,245],"4":[56,162],"5":[16,40],"6":[0],"7":[16,146],"8":[0],"9":[0]}}
,"/Users/zane/.liq/playground/liquid-labs/wrap-text/src/wrap.mjs": {"path":"/Users/zane/.liq/playground/liquid-labs/wrap-text/src/wrap.mjs","statementMap":{"0":{"start":{"line":1,"column":0},"end":{"line":1,"column":57}},"1":{"start":{"line":1,"column":57},"end":{"line":1,"column":null}},"2":{"start":{"line":24,"column":13},"end":{"line":131,"column":1}},"3":{"start":{"line":30,"column":11},"end":{"line":30,"column":6}},"4":{"start":{"line":30,"column":6},"end":{"line":25,"column":15}},"5":{"start":{"line":25,"column":15},"end":{"line":25,"column":null}},"6":{"start":{"line":25,"column":19},"end":{"line":26,"column":12}},"7":{"start":{"line":26,"column":12},"end":{"line":26,"column":null}},"8":{"start":{"line":26,"column":20},"end":{"line":27,"column":8}},"9":{"start":{"line":27,"column":8},"end":{"line":27,"column":null}},"10":{"start":{"line":27,"column":12},"end":{"line":28,"column":13}},"11":{"start":{"line":28,"column":13},"end":{"line":28,"column":null}},"12":{"start":{"line":28,"column":21},"end":{"line":29,"column":7}},"13":{"start":{"line":29,"column":7},"end":{"line":29,"column":null}},"14":{"start":{"line":31,"column":28},"end":{"line":31,"column":116}},"15":{"start":{"line":32,"column":2},"end":{"line":34,"column":null}},"16":{"start":{"line":33,"column":4},"end":{"line":33,"column":null}},"17":{"start":{"line":36,"column":2},"end":{"line":36,"column":null}},"18":{"start":{"line":36,"column":13},"end":{"line":36,"column":null}},"19":{"start":{"line":39,"column":16},"end":{"line":39,"column":18}},"20":{"start":{"line":39,"column":18},"end":{"line":41,"column":38}},"21":{"start":{"line":41,"column":36},"end":{"line":128,"column":null}},"22":{"start":{"line":41,"column":2},"end":{"line":128,"column":3}},"23":{"start":{"line":41,"column":16},"end":{"line":41,"column":20}},"24":{"start":{"line":42,"column":16},"end":{"line":42,"column":20}},"25":{"start":{"line":43,"column":17},"end":{"line":43,"column":18}},"26":{"start":{"line":45,"column":4},"end":{"line":52,"column":null}},"27":{"start":{"line":46,"column":6},"end":{"line":46,"column":null}},"28":{"start":{"line":47,"column":6},"end":{"line":47,"column":null}},"29":{"start":{"line":49,"column":9},"end":{"line":52,"column":null}},"30":{"start":{"line":51,"column":6},"end":{"line":51,"column":null}},"31":{"start":{"line":56,"column":4},"end":{"line":127,"column":5}},"32":{"start":{"line":58,"column":30},"end":{"line":64,"column":15}},"33":{"start":{"line":65,"column":17},"end":{"line":65,"column":97}},"34":{"start":{"line":66,"column":19},"end":{"line":66,"column":46}},"35":{"start":{"line":67,"column":23},"end":{"line":67,"column":24}},"36":{"start":{"line":68,"column":6},"end":{"line":74,"column":null}},"37":{"start":{"line":70,"column":8},"end":{"line":70,"column":null}},"38":{"start":{"line":73,"column":8},"end":{"line":73,"column":null}},"39":{"start":{"line":76,"column":6},"end":{"line":95,"column":null}},"40":{"start":{"line":77,"column":8},"end":{"line":77,"column":null}},"41":{"start":{"line":78,"column":8},"end":{"line":78,"column":null}},"42":{"start":{"line":80,"column":8},"end":{"line":80,"column":13}},"43":{"start":{"line":82,"column":11},"end":{"line":95,"column":null}},"44":{"start":{"line":83,"column":8},"end":{"line":83,"column":null}},"45":{"start":{"line":84,"column":8},"end":{"line":84,"column":null}},"46":{"start":{"line":85,"column":8},"end":{"line":85,"column":null}},"47":{"start":{"line":87,"column":8},"end":{"line":87,"column":null}},"48":{"start":{"line":89,"column":11},"end":{"line":95,"column":null}},"49":{"start":{"line":90,"column":8},"end":{"line":90,"column":null}},"50":{"start":{"line":91,"column":8},"end":{"line":91,"column":null}},"51":{"start":{"line":92,"column":8},"end":{"line":92,"column":null}},"52":{"start":{"line":94,"column":8},"end":{"line":94,"column":null}},"53":{"start":{"line":98,"column":19},"end":{"line":98,"column":45}},"54":{"start":{"line":99,"column":6},"end":{"line":102,"column":null}},"55":{"start":{"line":101,"column":8},"end":{"line":101,"column":null}},"56":{"start":{"line":104,"column":18},"end":{"line":104,"column":44}},"57":{"start":{"line":105,"column":6},"end":{"line":112,"column":null}},"58":{"start":{"line":106,"column":8},"end":{"line":111,"column":null}},"59":{"start":{"line":107,"column":10},"end":{"line":107,"column":null}},"60":{"start":{"line":110,"column":10},"end":{"line":110,"column":null}},"61":{"start":{"line":114,"column":14},"end":{"line":114,"column":37}},"62":{"start":{"line":115,"column":6},"end":{"line":117,"column":null}},"63":{"start":{"line":116,"column":8},"end":{"line":116,"column":null}},"64":{"start":{"line":118,"column":6},"end":{"line":120,"column":null}},"65":{"start":{"line":119,"column":8},"end":{"line":119,"column":null}},"66":{"start":{"line":122,"column":6},"end":{"line":122,"column":null}},"67":{"start":{"line":124,"column":6},"end":{"line":124,"column":null}},"68":{"start":{"line":126,"column":6},"end":{"line":126,"column":null}},"69":{"start":{"line":128,"column":4},"end":{"line":128,"column":null}},"70":{"start":{"line":130,"column":2},"end":{"line":130,"column":null}},"71":{"start":{"line":131,"column":1},"end":{"line":131,"column":null}}},"fnMap":{"0":{"name":"_createForOfIteratorHelper","decl":{"start":{"line":1,"column":57},"end":{"line":1,"column":null}},"loc":{"start":{"line":1,"column":57},"end":{"line":1,"column":null}}},"1":{"name":"wrap","decl":{"start":{"line":24,"column":6},"end":{"line":24,"column":10}},"loc":{"start":{"line":30,"column":11},"end":{"line":131,"column":1}}}},"branchMap":{"0":{"loc":{"start":{"line":1,"column":57},"end":{"line":1,"column":null}},"type":"binary-expr","locations":[{"start":{"line":1,"column":57},"end":{"line":1,"column":null}},{"start":{"line":1,"column":57},"end":{"line":1,"column":null}},{"start":{"line":1,"column":57},"end":{"line":1,"column":null}}]},"1":{"loc":{"start":{"line":1,"column":57},"end":{"line":1,"column":null}},"type":"if","locations":[{"start":{"line":1,"column":57},"end":{"line":1,"column":null}}]},"2":{"loc":{"start":{"line":1,"column":57},"end":{"line":1,"column":null}},"type":"binary-expr","locations":[{"start":{"line":1,"column":57},"end":{"line":1,"column":null}},{"start":{"line":1,"column":57},"end":{"line":1,"column":null}},{"start":{"line":1,"column":57},"end":{"line":1,"column":null}},{"start":{"line":1,"column":57},"end":{"line":1,"column":null}},{"start":{"line":1,"column":57},"end":{"line":1,"column":null}}]},"3":{"loc":{"start":{"line":1,"column":57},"end":{"line":1,"column":null}},"type":"binary-expr","locations":[{"start":{"line":1,"column":57},"end":{"line":1,"column":null}},{"start":{"line":1,"column":57},"end":{"line":1,"column":null}}]},"4":{"loc":{"start":{"line":30,"column":11},"end":{"line":30,"column":6}},"type":"cond-expr","locations":[{"start":{"line":30,"column":11},"end":{"line":30,"column":null}},{"start":{"line":30,"column":4},"end":{"line":30,"column":6}}]},"5":{"loc":{"start":{"line":30,"column":11},"end":{"line":30,"column":null}},"type":"binary-expr","locations":[{"start":{"line":30,"column":11},"end":{"line":30,"column":null}},{"start":{"line":30,"column":11},"end":{"line":30,"column":null}}]},"6":{"loc":{"start":{"line":25,"column":15},"end":{"line":25,"column":null}},"type":"cond-expr","locations":[{"start":{"line":25,"column":18},"end":{"line":25,"column":19}},{"start":{"line":25,"column":19},"end":{"line":25,"column":null}}]},"7":{"loc":{"start":{"line":26,"column":12},"end":{"line":26,"column":null}},"type":"cond-expr","locations":[{"start":{"line":26,"column":15},"end":{"line":26,"column":20}},{"start":{"line":26,"column":20},"end":{"line":26,"column":null}}]},"8":{"loc":{"start":{"line":27,"column":8},"end":{"line":27,"column":null}},"type":"cond-expr","locations":[{"start":{"line":27,"column":11},"end":{"line":27,"column":12}},{"start":{"line":27,"column":12},"end":{"line":27,"column":null}}]},"9":{"loc":{"start":{"line":28,"column":13},"end":{"line":28,"column":null}},"type":"cond-expr","locations":[{"start":{"line":28,"column":16},"end":{"line":28,"column":21}},{"start":{"line":28,"column":21},"end":{"line":28,"column":null}}]},"10":{"loc":{"start":{"line":29,"column":7},"end":{"line":29,"column":null}},"type":"cond-expr","locations":[{"start":{"line":29,"column":10},"end":{"line":29,"column":12}},{"start":{"line":29,"column":12},"end":{"line":29,"column":null}}]},"11":{"loc":{"start":{"line":31,"column":29},"end":{"line":31,"column":59}},"type":"cond-expr","locations":[{"start":{"line":31,"column":54},"end":{"line":31,"column":55}},{"start":{"line":31,"column":58},"end":{"line":31,"column":59}}]},"12":{"loc":{"start":{"line":31,"column":64},"end":{"line":31,"column":82}},"type":"cond-expr","locations":[{"start":{"line":31,"column":77},"end":{"line":31,"column":78}},{"start":{"line":31,"column":81},"end":{"line":31,"column":82}}]},"13":{"loc":{"start":{"line":31,"column":87},"end":{"line":31,"column":115}},"type":"cond-expr","locations":[{"start":{"line":31,"column":110},"end":{"line":31,"column":111}},{"start":{"line":31,"column":114},"end":{"line":31,"column":115}}]},"14":{"loc":{"start":{"line":32,"column":2},"end":{"line":34,"column":null}},"type":"if","locations":[{"start":{"line":32,"column":2},"end":{"line":34,"column":null}}]},"15":{"loc":{"start":{"line":36,"column":2},"end":{"line":36,"column":null}},"type":"if","locations":[{"start":{"line":36,"column":2},"end":{"line":36,"column":null}}]},"16":{"loc":{"start":{"line":45,"column":4},"end":{"line":52,"column":null}},"type":"if","locations":[{"start":{"line":45,"column":4},"end":{"line":52,"column":null}},{"start":{"line":49,"column":9},"end":{"line":52,"column":null}}]},"17":{"loc":{"start":{"line":49,"column":9},"end":{"line":52,"column":null}},"type":"if","locations":[{"start":{"line":49,"column":9},"end":{"line":52,"column":null}}]},"18":{"loc":{"start":{"line":58,"column":30},"end":{"line":64,"column":15}},"type":"cond-expr","locations":[{"start":{"line":59,"column":10},"end":{"line":59,"column":16}},{"start":{"line":60,"column":10},"end":{"line":64,"column":15}}]},"19":{"loc":{"start":{"line":58,"column":30},"end":{"line":58,"column":60}},"type":"binary-expr","locations":[{"start":{"line":58,"column":30},"end":{"line":58,"column":44}},{"start":{"line":58,"column":48},"end":{"line":58,"column":60}}]},"20":{"loc":{"start":{"line":60,"column":10},"end":{"line":64,"column":15}},"type":"cond-expr","locations":[{"start":{"line":61,"column":12},"end":{"line":61,"column":25}},{"start":{"line":62,"column":12},"end":{"line":64,"column":15}}]},"21":{"loc":{"start":{"line":60,"column":10},"end":{"line":60,"column":33}},"type":"binary-expr","locations":[{"start":{"line":60,"column":10},"end":{"line":60,"column":23}},{"start":{"line":60,"column":27},"end":{"line":60,"column":33}}]},"22":{"loc":{"start":{"line":62,"column":12},"end":{"line":64,"column":15}},"type":"cond-expr","locations":[{"start":{"line":63,"column":14},"end":{"line":63,"column":20}},{"start":{"line":64,"column":14},"end":{"line":64,"column":15}}]},"23":{"loc":{"start":{"line":62,"column":12},"end":{"line":62,"column":47}},"type":"binary-expr","locations":[{"start":{"line":62,"column":12},"end":{"line":62,"column":23}},{"start":{"line":62,"column":27},"end":{"line":62,"column":37}},{"start":{"line":62,"column":41},"end":{"line":62,"column":47}}]},"24":{"loc":{"start":{"line":68,"column":6},"end":{"line":74,"column":null}},"type":"if","locations":[{"start":{"line":68,"column":6},"end":{"line":74,"column":null}},{"start":{"line":72,"column":11},"end":{"line":74,"column":null}}]},"25":{"loc":{"start":{"line":76,"column":6},"end":{"line":95,"column":null}},"type":"if","locations":[{"start":{"line":76,"column":6},"end":{"line":95,"column":null}},{"start":{"line":82,"column":11},"end":{"line":95,"column":null}}]},"26":{"loc":{"start":{"line":82,"column":11},"end":{"line":95,"column":null}},"type":"if","locations":[{"start":{"line":82,"column":11},"end":{"line":95,"column":null}},{"start":{"line":89,"column":11},"end":{"line":95,"column":null}}]},"27":{"loc":{"start":{"line":89,"column":11},"end":{"line":95,"column":null}},"type":"if","locations":[{"start":{"line":89,"column":11},"end":{"line":95,"column":null}}]},"28":{"loc":{"start":{"line":99,"column":6},"end":{"line":102,"column":null}},"type":"if","locations":[{"start":{"line":99,"column":6},"end":{"line":102,"column":null}}]},"29":{"loc":{"start":{"line":99,"column":10},"end":{"line":99,"column":63}},"type":"binary-expr","locations":[{"start":{"line":99,"column":10},"end":{"line":99,"column":21}},{"start":{"line":99,"column":25},"end":{"line":99,"column":39}},{"start":{"line":99,"column":43},"end":{"line":99,"column":63}}]},"30":{"loc":{"start":{"line":105,"column":6},"end":{"line":112,"column":null}},"type":"if","locations":[{"start":{"line":105,"column":6},"end":{"line":112,"column":null}}]},"31":{"loc":{"start":{"line":106,"column":8},"end":{"line":111,"column":null}},"type":"if","locations":[{"start":{"line":106,"column":8},"end":{"line":111,"column":null}},{"start":{"line":109,"column":13},"end":{"line":111,"column":null}}]},"32":{"loc":{"start":{"line":106,"column":12},"end":{"line":106,"column":37}},"type":"binary-expr","locations":[{"start":{"line":106,"column":12},"end":{"line":106,"column":18}},{"start":{"line":106,"column":22},"end":{"line":106,"column":37}}]},"33":{"loc":{"start":{"line":115,"column":6},"end":{"line":117,"column":null}},"type":"if","locations":[{"start":{"line":115,"column":6},"end":{"line":117,"column":null}}]},"34":{"loc":{"start":{"line":115,"column":10},"end":{"line":115,"column":28}},"type":"binary-expr","locations":[{"start":{"line":115,"column":10},"end":{"line":115,"column":18}},{"start":{"line":115,"column":22},"end":{"line":115,"column":28}}]},"35":{"loc":{"start":{"line":118,"column":6},"end":{"line":120,"column":null}},"type":"if","locations":[{"start":{"line":118,"column":6},"end":{"line":120,"column":null}}]}},"s":{"0":1,"1":402,"2":1,"3":26,"4":26,"5":26,"6":26,"7":26,"8":26,"9":26,"10":26,"11":26,"12":26,"13":26,"14":26,"15":26,"16":0,"17":26,"18":0,"19":26,"20":26,"21":26,"22":26,"23":30,"24":30,"25":30,"26":30,"27":0,"28":0,"29":30,"30":5,"31":30,"32":66,"33":66,"34":66,"35":66,"36":66,"37":36,"38":30,"39":66,"40":30,"41":30,"42":30,"43":36,"44":7,"45":7,"46":7,"47":7,"48":29,"49":1,"50":1,"51":1,"52":1,"53":28,"54":28,"55":1,"56":28,"57":28,"58":8,"59":3,"60":5,"61":28,"62":28,"63":3,"64":28,"65":0,"66":28,"67":28,"68":28,"69":26,"70":26,"71":1},"f":{"0":134,"1":26},"b":{"0":[26,26,0],"1":[0],"2":[0,0,0,0,0],"3":[26,0],"4":[26,0],"5":[26,26],"6":[23,3],"7":[17,9],"8":[19,7],"9":[21,5],"10":[0,26],"11":[0,26],"12":[4,22],"13":[5,21],"14":[0],"15":[0],"16":[0,30],"17":[5],"18":[40,26],"19":[66,58],"20":[5,21],"21":[26,8],"22":[7,14],"23":[21,18,12],"24":[36,30],"25":[30,36],"26":[7,29],"27":[1],"28":[1],"29":[28,23,14],"30":[8],"31":[3,5],"32":[8,3],"33":[3],"34":[28,26],"35":[0]}}
}
