{"/Users/zane/.liq/playground/liquid-labs/wrap-text/src/wrap.mjs": {"path":"/Users/zane/.liq/playground/liquid-labs/wrap-text/src/wrap.mjs","statementMap":{"0":{"start":{"line":1,"column":20},"end":{"line":1,"column":36}},"1":{"start":{"line":5,"column":26},"end":{"line":46,"column":1}},"2":{"start":{"line":5,"column":33},"end":{"line":5,"column":32}},"3":{"start":{"line":5,"column":40},"end":{"line":5,"column":39}},"4":{"start":{"line":5,"column":48},"end":{"line":5,"column":47}},"5":{"start":{"line":5,"column":60},"end":{"line":5,"column":59}},"6":{"start":{"line":6,"column":2},"end":{"line":45,"column":null}},"7":{"start":{"line":6,"column":28},"end":{"line":6,"column":null}},"8":{"start":{"line":8,"column":4},"end":{"line":8,"column":27}},"9":{"start":{"line":9,"column":20},"end":{"line":9,"column":21}},"10":{"start":{"line":10,"column":19},"end":{"line":10,"column":20}},"11":{"start":{"line":11,"column":18},"end":{"line":11,"column":20}},"12":{"start":{"line":12,"column":17},"end":{"line":12,"column":18}},"13":{"start":{"line":14,"column":4},"end":{"line":36,"column":null}},"14":{"start":{"line":15,"column":19},"end":{"line":15,"column":38}},"15":{"start":{"line":16,"column":6},"end":{"line":35,"column":null}},"16":{"start":{"line":17,"column":8},"end":{"line":26,"column":null}},"17":{"start":{"line":18,"column":10},"end":{"line":18,"column":null}},"18":{"start":{"line":19,"column":10},"end":{"line":19,"column":null}},"19":{"start":{"line":21,"column":13},"end":{"line":26,"column":null}},"20":{"start":{"line":23,"column":10},"end":{"line":23,"column":25}},"21":{"start":{"line":24,"column":10},"end":{"line":24,"column":31}},"22":{"start":{"line":25,"column":10},"end":{"line":25,"column":null}},"23":{"start":{"line":29,"column":8},"end":{"line":34,"column":null}},"24":{"start":{"line":30,"column":10},"end":{"line":30,"column":null}},"25":{"start":{"line":33,"column":10},"end":{"line":33,"column":null}},"26":{"start":{"line":37,"column":4},"end":{"line":42,"column":null}},"27":{"start":{"line":38,"column":6},"end":{"line":38,"column":null}},"28":{"start":{"line":39,"column":6},"end":{"line":41,"column":null}},"29":{"start":{"line":40,"column":8},"end":{"line":40,"column":null}},"30":{"start":{"line":44,"column":4},"end":{"line":44,"column":null}},"31":{"start":{"line":46,"column":1},"end":{"line":46,"column":null}},"32":{"start":{"line":48,"column":13},"end":{"line":154,"column":1}},"33":{"start":{"line":54,"column":11},"end":{"line":54,"column":6}},"34":{"start":{"line":54,"column":6},"end":{"line":49,"column":15}},"35":{"start":{"line":49,"column":15},"end":{"line":49,"column":null}},"36":{"start":{"line":49,"column":23},"end":{"line":50,"column":12}},"37":{"start":{"line":50,"column":12},"end":{"line":50,"column":null}},"38":{"start":{"line":50,"column":20},"end":{"line":51,"column":8}},"39":{"start":{"line":51,"column":8},"end":{"line":51,"column":null}},"40":{"start":{"line":51,"column":12},"end":{"line":52,"column":13}},"41":{"start":{"line":52,"column":13},"end":{"line":52,"column":null}},"42":{"start":{"line":52,"column":21},"end":{"line":53,"column":7}},"43":{"start":{"line":53,"column":7},"end":{"line":53,"column":null}},"44":{"start":{"line":55,"column":28},"end":{"line":55,"column":116}},"45":{"start":{"line":56,"column":2},"end":{"line":58,"column":null}},"46":{"start":{"line":57,"column":4},"end":{"line":57,"column":null}},"47":{"start":{"line":60,"column":2},"end":{"line":60,"column":null}},"48":{"start":{"line":60,"column":13},"end":{"line":60,"column":null}},"49":{"start":{"line":63,"column":16},"end":{"line":63,"column":18}},"50":{"start":{"line":63,"column":18},"end":{"line":65,"column":38}},"51":{"start":{"line":65,"column":36},"end":{"line":151,"column":null}},"52":{"start":{"line":65,"column":2},"end":{"line":151,"column":3}},"53":{"start":{"line":65,"column":16},"end":{"line":65,"column":20}},"54":{"start":{"line":66,"column":16},"end":{"line":66,"column":20}},"55":{"start":{"line":67,"column":17},"end":{"line":67,"column":18}},"56":{"start":{"line":69,"column":4},"end":{"line":76,"column":null}},"57":{"start":{"line":70,"column":6},"end":{"line":70,"column":null}},"58":{"start":{"line":71,"column":6},"end":{"line":71,"column":null}},"59":{"start":{"line":73,"column":9},"end":{"line":76,"column":null}},"60":{"start":{"line":75,"column":6},"end":{"line":75,"column":null}},"61":{"start":{"line":80,"column":4},"end":{"line":150,"column":5}},"62":{"start":{"line":82,"column":30},"end":{"line":88,"column":15}},"63":{"start":{"line":89,"column":17},"end":{"line":89,"column":97}},"64":{"start":{"line":90,"column":19},"end":{"line":90,"column":46}},"65":{"start":{"line":91,"column":23},"end":{"line":91,"column":24}},"66":{"start":{"line":92,"column":6},"end":{"line":98,"column":null}},"67":{"start":{"line":94,"column":8},"end":{"line":94,"column":null}},"68":{"start":{"line":97,"column":8},"end":{"line":97,"column":null}},"69":{"start":{"line":100,"column":6},"end":{"line":119,"column":null}},"70":{"start":{"line":101,"column":8},"end":{"line":101,"column":null}},"71":{"start":{"line":102,"column":8},"end":{"line":102,"column":null}},"72":{"start":{"line":104,"column":8},"end":{"line":104,"column":13}},"73":{"start":{"line":106,"column":11},"end":{"line":119,"column":null}},"74":{"start":{"line":107,"column":8},"end":{"line":107,"column":null}},"75":{"start":{"line":108,"column":8},"end":{"line":108,"column":null}},"76":{"start":{"line":109,"column":8},"end":{"line":109,"column":null}},"77":{"start":{"line":111,"column":8},"end":{"line":111,"column":null}},"78":{"start":{"line":113,"column":11},"end":{"line":119,"column":null}},"79":{"start":{"line":114,"column":8},"end":{"line":114,"column":null}},"80":{"start":{"line":115,"column":8},"end":{"line":115,"column":null}},"81":{"start":{"line":116,"column":8},"end":{"line":116,"column":null}},"82":{"start":{"line":118,"column":8},"end":{"line":118,"column":null}},"83":{"start":{"line":122,"column":19},"end":{"line":122,"column":45}},"84":{"start":{"line":123,"column":6},"end":{"line":125,"column":null}},"85":{"start":{"line":124,"column":8},"end":{"line":124,"column":null}},"86":{"start":{"line":127,"column":18},"end":{"line":127,"column":44}},"87":{"start":{"line":128,"column":6},"end":{"line":135,"column":null}},"88":{"start":{"line":129,"column":8},"end":{"line":134,"column":null}},"89":{"start":{"line":130,"column":10},"end":{"line":130,"column":null}},"90":{"start":{"line":133,"column":10},"end":{"line":133,"column":null}},"91":{"start":{"line":137,"column":14},"end":{"line":137,"column":37}},"92":{"start":{"line":138,"column":6},"end":{"line":140,"column":null}},"93":{"start":{"line":139,"column":8},"end":{"line":139,"column":null}},"94":{"start":{"line":141,"column":6},"end":{"line":143,"column":null}},"95":{"start":{"line":142,"column":8},"end":{"line":142,"column":null}},"96":{"start":{"line":145,"column":6},"end":{"line":145,"column":null}},"97":{"start":{"line":147,"column":6},"end":{"line":147,"column":null}},"98":{"start":{"line":149,"column":6},"end":{"line":149,"column":null}},"99":{"start":{"line":151,"column":4},"end":{"line":151,"column":null}},"100":{"start":{"line":153,"column":2},"end":{"line":153,"column":null}},"101":{"start":{"line":154,"column":1},"end":{"line":154,"column":null}}},"fnMap":{"0":{"name":"getEffectiveWidth","decl":{"start":{"line":5,"column":6},"end":{"line":5,"column":23}},"loc":{"start":{"line":5,"column":67},"end":{"line":46,"column":1}}},"1":{"name":"wrap","decl":{"start":{"line":48,"column":6},"end":{"line":48,"column":10}},"loc":{"start":{"line":54,"column":11},"end":{"line":154,"column":1}}}},"branchMap":{"0":{"loc":{"start":{"line":6,"column":2},"end":{"line":45,"column":null}},"type":"if","locations":[{"start":{"line":6,"column":2},"end":{"line":45,"column":null}},{"start":{"line":7,"column":7},"end":{"line":45,"column":null}}]},"1":{"loc":{"start":{"line":14,"column":11},"end":{"line":14,"column":52}},"type":"binary-expr","locations":[{"start":{"line":14,"column":11},"end":{"line":14,"column":31}},{"start":{"line":14,"column":35},"end":{"line":14,"column":52}}]},"2":{"loc":{"start":{"line":16,"column":6},"end":{"line":35,"column":null}},"type":"if","locations":[{"start":{"line":16,"column":6},"end":{"line":35,"column":null}},{"start":{"line":28,"column":11},"end":{"line":35,"column":null}}]},"3":{"loc":{"start":{"line":17,"column":8},"end":{"line":26,"column":null}},"type":"if","locations":[{"start":{"line":17,"column":8},"end":{"line":26,"column":null}},{"start":{"line":21,"column":13},"end":{"line":26,"column":null}}]},"4":{"loc":{"start":{"line":21,"column":13},"end":{"line":26,"column":null}},"type":"if","locations":[{"start":{"line":21,"column":13},"end":{"line":26,"column":null}}]},"5":{"loc":{"start":{"line":29,"column":8},"end":{"line":34,"column":null}},"type":"if","locations":[{"start":{"line":29,"column":8},"end":{"line":34,"column":null}},{"start":{"line":32,"column":13},"end":{"line":34,"column":null}}]},"6":{"loc":{"start":{"line":37,"column":4},"end":{"line":42,"column":null}},"type":"if","locations":[{"start":{"line":37,"column":4},"end":{"line":42,"column":null}}]},"7":{"loc":{"start":{"line":39,"column":6},"end":{"line":41,"column":null}},"type":"if","locations":[{"start":{"line":39,"column":6},"end":{"line":41,"column":null}}]},"8":{"loc":{"start":{"line":54,"column":11},"end":{"line":54,"column":6}},"type":"cond-expr","locations":[{"start":{"line":54,"column":11},"end":{"line":54,"column":null}},{"start":{"line":54,"column":4},"end":{"line":54,"column":6}}]},"9":{"loc":{"start":{"line":54,"column":11},"end":{"line":54,"column":null}},"type":"binary-expr","locations":[{"start":{"line":54,"column":11},"end":{"line":54,"column":null}},{"start":{"line":54,"column":11},"end":{"line":54,"column":null}}]},"10":{"loc":{"start":{"line":49,"column":15},"end":{"line":49,"column":null}},"type":"cond-expr","locations":[{"start":{"line":49,"column":18},"end":{"line":49,"column":23}},{"start":{"line":49,"column":23},"end":{"line":49,"column":null}}]},"11":{"loc":{"start":{"line":50,"column":12},"end":{"line":50,"column":null}},"type":"cond-expr","locations":[{"start":{"line":50,"column":15},"end":{"line":50,"column":20}},{"start":{"line":50,"column":20},"end":{"line":50,"column":null}}]},"12":{"loc":{"start":{"line":51,"column":8},"end":{"line":51,"column":null}},"type":"cond-expr","locations":[{"start":{"line":51,"column":11},"end":{"line":51,"column":12}},{"start":{"line":51,"column":12},"end":{"line":51,"column":null}}]},"13":{"loc":{"start":{"line":52,"column":13},"end":{"line":52,"column":null}},"type":"cond-expr","locations":[{"start":{"line":52,"column":16},"end":{"line":52,"column":21}},{"start":{"line":52,"column":21},"end":{"line":52,"column":null}}]},"14":{"loc":{"start":{"line":53,"column":7},"end":{"line":53,"column":null}},"type":"cond-expr","locations":[{"start":{"line":53,"column":10},"end":{"line":53,"column":12}},{"start":{"line":53,"column":12},"end":{"line":53,"column":null}}]},"15":{"loc":{"start":{"line":55,"column":29},"end":{"line":55,"column":59}},"type":"cond-expr","locations":[{"start":{"line":55,"column":54},"end":{"line":55,"column":55}},{"start":{"line":55,"column":58},"end":{"line":55,"column":59}}]},"16":{"loc":{"start":{"line":55,"column":64},"end":{"line":55,"column":82}},"type":"cond-expr","locations":[{"start":{"line":55,"column":77},"end":{"line":55,"column":78}},{"start":{"line":55,"column":81},"end":{"line":55,"column":82}}]},"17":{"loc":{"start":{"line":55,"column":87},"end":{"line":55,"column":115}},"type":"cond-expr","locations":[{"start":{"line":55,"column":110},"end":{"line":55,"column":111}},{"start":{"line":55,"column":114},"end":{"line":55,"column":115}}]},"18":{"loc":{"start":{"line":56,"column":2},"end":{"line":58,"column":null}},"type":"if","locations":[{"start":{"line":56,"column":2},"end":{"line":58,"column":null}}]},"19":{"loc":{"start":{"line":60,"column":2},"end":{"line":60,"column":null}},"type":"if","locations":[{"start":{"line":60,"column":2},"end":{"line":60,"column":null}}]},"20":{"loc":{"start":{"line":69,"column":4},"end":{"line":76,"column":null}},"type":"if","locations":[{"start":{"line":69,"column":4},"end":{"line":76,"column":null}},{"start":{"line":73,"column":9},"end":{"line":76,"column":null}}]},"21":{"loc":{"start":{"line":73,"column":9},"end":{"line":76,"column":null}},"type":"if","locations":[{"start":{"line":73,"column":9},"end":{"line":76,"column":null}}]},"22":{"loc":{"start":{"line":82,"column":30},"end":{"line":88,"column":15}},"type":"cond-expr","locations":[{"start":{"line":83,"column":10},"end":{"line":83,"column":16}},{"start":{"line":84,"column":10},"end":{"line":88,"column":15}}]},"23":{"loc":{"start":{"line":82,"column":30},"end":{"line":82,"column":60}},"type":"binary-expr","locations":[{"start":{"line":82,"column":30},"end":{"line":82,"column":44}},{"start":{"line":82,"column":48},"end":{"line":82,"column":60}}]},"24":{"loc":{"start":{"line":84,"column":10},"end":{"line":88,"column":15}},"type":"cond-expr","locations":[{"start":{"line":85,"column":12},"end":{"line":85,"column":18}},{"start":{"line":86,"column":12},"end":{"line":88,"column":15}}]},"25":{"loc":{"start":{"line":84,"column":10},"end":{"line":84,"column":33}},"type":"binary-expr","locations":[{"start":{"line":84,"column":10},"end":{"line":84,"column":23}},{"start":{"line":84,"column":27},"end":{"line":84,"column":33}}]},"26":{"loc":{"start":{"line":86,"column":12},"end":{"line":88,"column":15}},"type":"cond-expr","locations":[{"start":{"line":87,"column":14},"end":{"line":87,"column":20}},{"start":{"line":88,"column":14},"end":{"line":88,"column":15}}]},"27":{"loc":{"start":{"line":86,"column":12},"end":{"line":86,"column":47}},"type":"binary-expr","locations":[{"start":{"line":86,"column":12},"end":{"line":86,"column":23}},{"start":{"line":86,"column":27},"end":{"line":86,"column":37}},{"start":{"line":86,"column":41},"end":{"line":86,"column":47}}]},"28":{"loc":{"start":{"line":92,"column":6},"end":{"line":98,"column":null}},"type":"if","locations":[{"start":{"line":92,"column":6},"end":{"line":98,"column":null}},{"start":{"line":96,"column":11},"end":{"line":98,"column":null}}]},"29":{"loc":{"start":{"line":100,"column":6},"end":{"line":119,"column":null}},"type":"if","locations":[{"start":{"line":100,"column":6},"end":{"line":119,"column":null}},{"start":{"line":106,"column":11},"end":{"line":119,"column":null}}]},"30":{"loc":{"start":{"line":106,"column":11},"end":{"line":119,"column":null}},"type":"if","locations":[{"start":{"line":106,"column":11},"end":{"line":119,"column":null}},{"start":{"line":113,"column":11},"end":{"line":119,"column":null}}]},"31":{"loc":{"start":{"line":113,"column":11},"end":{"line":119,"column":null}},"type":"if","locations":[{"start":{"line":113,"column":11},"end":{"line":119,"column":null}}]},"32":{"loc":{"start":{"line":123,"column":6},"end":{"line":125,"column":null}},"type":"if","locations":[{"start":{"line":123,"column":6},"end":{"line":125,"column":null}}]},"33":{"loc":{"start":{"line":123,"column":10},"end":{"line":123,"column":63}},"type":"binary-expr","locations":[{"start":{"line":123,"column":10},"end":{"line":123,"column":21}},{"start":{"line":123,"column":25},"end":{"line":123,"column":39}},{"start":{"line":123,"column":43},"end":{"line":123,"column":63}}]},"34":{"loc":{"start":{"line":128,"column":6},"end":{"line":135,"column":null}},"type":"if","locations":[{"start":{"line":128,"column":6},"end":{"line":135,"column":null}}]},"35":{"loc":{"start":{"line":129,"column":8},"end":{"line":134,"column":null}},"type":"if","locations":[{"start":{"line":129,"column":8},"end":{"line":134,"column":null}},{"start":{"line":132,"column":13},"end":{"line":134,"column":null}}]},"36":{"loc":{"start":{"line":129,"column":12},"end":{"line":129,"column":37}},"type":"binary-expr","locations":[{"start":{"line":129,"column":12},"end":{"line":129,"column":18}},{"start":{"line":129,"column":22},"end":{"line":129,"column":37}}]},"37":{"loc":{"start":{"line":138,"column":6},"end":{"line":140,"column":null}},"type":"if","locations":[{"start":{"line":138,"column":6},"end":{"line":140,"column":null}}]},"38":{"loc":{"start":{"line":138,"column":10},"end":{"line":138,"column":28}},"type":"binary-expr","locations":[{"start":{"line":138,"column":10},"end":{"line":138,"column":18}},{"start":{"line":138,"column":22},"end":{"line":138,"column":28}}]},"39":{"loc":{"start":{"line":141,"column":6},"end":{"line":143,"column":null}},"type":"if","locations":[{"start":{"line":141,"column":6},"end":{"line":143,"column":null}}]}},"s":{"0":1,"1":1,"2":58,"3":58,"4":58,"5":58,"6":58,"7":30,"8":28,"9":28,"10":28,"11":28,"12":28,"13":28,"14":168,"15":168,"16":40,"17":10,"18":10,"19":30,"20":0,"21":0,"22":0,"23":128,"24":10,"25":118,"26":28,"27":0,"28":0,"29":0,"30":28,"31":1,"32":1,"33":23,"34":23,"35":23,"36":23,"37":23,"38":23,"39":23,"40":23,"41":23,"42":23,"43":23,"44":23,"45":23,"46":0,"47":23,"48":0,"49":23,"50":23,"51":23,"52":23,"53":27,"54":27,"55":27,"56":27,"57":0,"58":0,"59":27,"60":5,"61":27,"62":58,"63":58,"64":58,"65":58,"66":58,"67":31,"68":27,"69":58,"70":27,"71":27,"72":27,"73":31,"74":6,"75":6,"76":6,"77":6,"78":25,"79":1,"80":1,"81":1,"82":1,"83":24,"84":24,"85":1,"86":24,"87":24,"88":6,"89":3,"90":3,"91":24,"92":24,"93":3,"94":24,"95":0,"96":24,"97":24,"98":24,"99":23,"100":23,"101":1},"f":{"0":58,"1":23},"b":{"0":[30,28],"1":[196,189],"2":[40,128],"3":[10,30],"4":[0],"5":[10,118],"6":[0],"7":[0],"8":[23,0],"9":[23,23],"10":[23,0],"11":[14,9],"12":[16,7],"13":[18,5],"14":[0,23],"15":[0,23],"16":[4,19],"17":[5,18],"18":[0],"19":[0],"20":[0,27],"21":[5],"22":[40,18],"23":[58,58],"24":[0,18],"25":[18,0],"26":[7,11],"27":[18,18,12],"28":[31,27],"29":[27,31],"30":[6,25],"31":[1],"32":[1],"33":[24,21,14],"34":[6],"35":[3,3],"36":[6,3],"37":[3],"38":[24,22],"39":[0]}}
}
